#
# There is insufficient memory for the Java Runtime Environment to continue.
# Native memory allocation (mmap) failed to map 46661632 bytes for committing reserved memory.
# Possible reasons:
#   The system is out of physical RAM or swap space
#   The process is running with CompressedOops enabled, and the Java Heap may be blocking the growth of the native heap
# Possible solutions:
#   Reduce memory load on the system
#   Increase physical memory or swap space
#   Check if swap backing store is full
#   Decrease Java heap size (-Xmx/-Xms)
#   Decrease number of Java threads
#   Decrease Java thread stack sizes (-Xss)
#   Set larger code cache with -XX:ReservedCodeCacheSize=
#   JVM is running with Unscaled Compressed Oops mode in which the Java heap is
#     placed in the first 4GB address space. The Java Heap base address is the
#     maximum limit for the native heap growth. Please use -XX:HeapBaseMinAddress
#     to set the Java Heap base and to place the Java Heap above 4GB virtual address.
# This output file may be truncated or incomplete.
#
#  Out of Memory Error (os_linux.cpp:2749), pid=16948, tid=0x00007fd44c25f700
#
# JRE version: Java(TM) SE Runtime Environment (8.0_201-b09) (build 1.8.0_201-b09)
# Java VM: Java HotSpot(TM) 64-Bit Server VM (25.201-b09 mixed mode linux-amd64 compressed oops)
# Failed to write core dump. Core dumps have been disabled. To enable core dumping, try "ulimit -c unlimited" before starting Java again
#

---------------  T H R E A D  ---------------

Current thread (0x00007fd46007f800):  VMThread [stack: 0x00007fd44c15f000,0x00007fd44c260000] [id=16961]

Stack: [0x00007fd44c15f000,0x00007fd44c260000],  sp=0x00007fd44c25e450,  free space=1021k
Native frames: (J=compiled Java code, j=interpreted, Vv=VM code, C=native code)
V  [libjvm.so+0xad3525]  VMError::report_and_die()+0x2e5
V  [libjvm.so+0x4e0457]  report_vm_out_of_memory(char const*, int, unsigned long, VMErrorType, char const*)+0x67
V  [libjvm.so+0x9102f0]  os::pd_commit_memory(char*, unsigned long, unsigned long, bool)+0x100
V  [libjvm.so+0x90791f]  os::commit_memory(char*, unsigned long, unsigned long, bool)+0x1f
V  [libjvm.so+0x98c806]  PSVirtualSpace::expand_by(unsigned long)+0x56
V  [libjvm.so+0x98da98]  PSYoungGen::resize(unsigned long, unsigned long)+0xd8
V  [libjvm.so+0x98a236]  PSScavenge::invoke_no_policy()+0x1376
V  [libjvm.so+0x98a5cc]  PSScavenge::invoke()+0x4c
V  [libjvm.so+0x93a318]  ParallelScavengeHeap::failed_mem_allocate(unsigned long)+0x68
V  [libjvm.so+0xad5073]  VM_ParallelGCFailedAllocation::doit()+0x93
V  [libjvm.so+0xada296]  VM_Operation::evaluate()+0x46
V  [libjvm.so+0xad85cd]  VMThread::evaluate_operation(VM_Operation*) [clone .constprop.44]+0xcd
V  [libjvm.so+0xad8bb3]  VMThread::loop()+0x3a3
V  [libjvm.so+0xad8f88]  VMThread::run()+0x78
V  [libjvm.so+0x90d922]  java_start(Thread*)+0x102

VM_Operation (0x00007fd445fb0240): ParallelGCFailedAllocation, mode: safepoint, requested by thread 0x00007fd4143de000


---------------  P R O C E S S  ---------------

Java Threads: ( => current thread )
  0x00007fd4143de000 JavaThread "localhost-startStop-1" daemon [_thread_blocked, id=16975, stack(0x00007fd445eb3000,0x00007fd445fb4000)]
  0x00007fd460a3e000 JavaThread "Tomcat-startStop-1" daemon [_thread_blocked, id=16974, stack(0x00007fd447082000,0x00007fd447183000)]
  0x00007fd4600c9000 JavaThread "Service Thread" daemon [_thread_blocked, id=16968, stack(0x00007fd4475ab000,0x00007fd4476ac000)]
  0x00007fd4600c6000 JavaThread "C1 CompilerThread2" daemon [_thread_blocked, id=16967, stack(0x00007fd4476ac000,0x00007fd4477ad000)]
  0x00007fd4600c4000 JavaThread "C2 CompilerThread1" daemon [_thread_blocked, id=16966, stack(0x00007fd4477ad000,0x00007fd4478ae000)]
  0x00007fd4600c1000 JavaThread "C2 CompilerThread0" daemon [_thread_blocked, id=16965, stack(0x00007fd4478ae000,0x00007fd4479af000)]
  0x00007fd4600bf800 JavaThread "Signal Dispatcher" daemon [_thread_blocked, id=16964, stack(0x00007fd4479af000,0x00007fd447ab0000)]
  0x00007fd46008b800 JavaThread "Finalizer" daemon [_thread_blocked, id=16963, stack(0x00007fd447eff000,0x00007fd448000000)]
  0x00007fd460089000 JavaThread "Reference Handler" daemon [_thread_blocked, id=16962, stack(0x00007fd44c05e000,0x00007fd44c15f000)]
  0x00007fd460011800 JavaThread "main" [_thread_blocked, id=16956, stack(0x00007fd46659d000,0x00007fd46669e000)]

Other Threads:
=>0x00007fd46007f800 VMThread [stack: 0x00007fd44c15f000,0x00007fd44c260000] [id=16961]
  0x00007fd4600cc000 WatcherThread [stack: 0x00007fd4474aa000,0x00007fd4475ab000] [id=16969]

VM state:at safepoint (normal execution)

VM Mutex/Monitor currently owned by a thread:  ([mutex/lock_event])
[0x00007fd46000da50] Threads_lock - owner thread: 0x00007fd46007f800
[0x00007fd46000df50] Heap_lock - owner thread: 0x00007fd4143de000

heap address: 0x00000000c4400000, size: 956 MB, Compressed Oops mode: 32-bit
Narrow klass base: 0x0000000000000000, Narrow klass shift: 3
Compressed class space size: 1073741824 Address: 0x0000000100000000

Heap:
 PSYoungGen      total 128512K, used 10331K [0x00000000ec180000, 0x00000000f5d00000, 0x0000000100000000)
  eden space 117760K, 0% used [0x00000000ec180000,0x00000000ec180000,0x00000000f3480000)
  from space 10752K, 96% used [0x00000000f5280000,0x00000000f5c96fe0,0x00000000f5d00000)
  to   space 7168K, 0% used [0x00000000f3480000,0x00000000f3480000,0x00000000f3b80000)
 ParOldGen       total 29696K, used 15877K [0x00000000c4400000, 0x00000000c6100000, 0x00000000ec180000)
  object space 29696K, 53% used [0x00000000c4400000,0x00000000c5381690,0x00000000c6100000)
 Metaspace       used 33352K, capacity 34778K, committed 34864K, reserved 1079296K
  class space    used 4337K, capacity 4624K, committed 4656K, reserved 1048576K

Card table byte_map: [0x00007fd450005000,0x00007fd4501e4000] byte_map_base: 0x00007fd44f9e3000

Marking Bits: (ParMarkBitMap*) 0x00007fd465a83d80
 Begin Bits: [0x00007fd44de21000, 0x00007fd44ed11000)
 End Bits:   [0x00007fd44ed11000, 0x00007fd44fc01000)

Polling page: 0x00007fd4666c8000

CodeCache: size=245760Kb used=11107Kb max_used=11686Kb free=234652Kb
 bounds [0x00007fd4505a4000, 0x00007fd451144000, 0x00007fd45f5a4000]
 total_blobs=3502 nmethods=3101 adapters=314
 compilation: enabled

Compilation events (10 events):
Event: 18,470 Thread 0x00007fd4600c6000 3551       3       org.springframework.beans.factory.support.AutowireUtils::isExcludedFromDependencyCheck (57 bytes)
Event: 18,471 Thread 0x00007fd4600c6000 nmethod 3551 0x00007fd450734550 code [0x00007fd450734780, 0x00007fd4507355b8]
Event: 18,471 Thread 0x00007fd4600c6000 3549       1       sun.reflect.generics.tree.Wildcard::getUpperBounds (5 bytes)
Event: 18,471 Thread 0x00007fd4600c6000 nmethod 3549 0x00007fd450734250 code [0x00007fd4507343a0, 0x00007fd4507344b0]
Event: 18,498 Thread 0x00007fd4600c6000 3552   !   3       com.sun.proxy.$Proxy27::equals (39 bytes)
Event: 18,499 Thread 0x00007fd4600c6000 nmethod 3552 0x00007fd450de7510 code [0x00007fd450de76c0, 0x00007fd450de7d38]
Event: 18,499 Thread 0x00007fd4600c6000 3553       3       org.springframework.core.MethodClassKey::equals (55 bytes)
Event: 18,499 Thread 0x00007fd4600c6000 nmethod 3553 0x00007fd450cd76d0 code [0x00007fd450cd7860, 0x00007fd450cd7db8]
Event: 18,500 Thread 0x00007fd4600c6000 3555   !   3       com.sun.proxy.$Proxy27::annotationType (29 bytes)
Event: 18,500 Thread 0x00007fd4600c6000 nmethod 3555 0x00007fd4506dd850 code [0x00007fd4506dd9e0, 0x00007fd4506dddf8]

GC Heap History (10 events):
Event: 3,690 GC heap after
Heap after GC invocations=6 (full 0):
 PSYoungGen      total 66048K, used 6126K [0x00000000ec180000, 0x00000000f0c80000, 0x0000000100000000)
  eden space 59904K, 0% used [0x00000000ec180000,0x00000000ec180000,0x00000000efc00000)
  from space 6144K, 99% used [0x00000000f0380000,0x00000000f097b948,0x00000000f0980000)
  to   space 7680K, 0% used [0x00000000efc00000,0x00000000efc00000,0x00000000f0380000)
 ParOldGen       total 40960K, used 7217K [0x00000000c4400000, 0x00000000c6c00000, 0x00000000ec180000)
  object space 40960K, 17% used [0x00000000c4400000,0x00000000c4b0c6d0,0x00000000c6c00000)
 Metaspace       used 19399K, capacity 19896K, committed 20096K, reserved 1067008K
  class space    used 2470K, capacity 2627K, committed 2688K, reserved 1048576K
}
Event: 3,886 GC heap before
{Heap before GC invocations=7 (full 0):
 PSYoungGen      total 66048K, used 23487K [0x00000000ec180000, 0x00000000f0c80000, 0x0000000100000000)
  eden space 59904K, 28% used [0x00000000ec180000,0x00000000ed2744d8,0x00000000efc00000)
  from space 6144K, 99% used [0x00000000f0380000,0x00000000f097b948,0x00000000f0980000)
  to   space 7680K, 0% used [0x00000000efc00000,0x00000000efc00000,0x00000000f0380000)
 ParOldGen       total 40960K, used 7217K [0x00000000c4400000, 0x00000000c6c00000, 0x00000000ec180000)
  object space 40960K, 17% used [0x00000000c4400000,0x00000000c4b0c6d0,0x00000000c6c00000)
 Metaspace       used 20623K, capacity 21188K, committed 21296K, reserved 1067008K
  class space    used 2660K, capacity 2849K, committed 2864K, reserved 1048576K
Event: 3,892 GC heap after
Heap after GC invocations=7 (full 0):
 PSYoungGen      total 67584K, used 3792K [0x00000000ec180000, 0x00000000f4480000, 0x0000000100000000)
  eden space 59904K, 0% used [0x00000000ec180000,0x00000000ec180000,0x00000000efc00000)
  from space 7680K, 49% used [0x00000000efc00000,0x00000000effb4260,0x00000000f0380000)
  to   space 7168K, 0% used [0x00000000f3d80000,0x00000000f3d80000,0x00000000f4480000)
 ParOldGen       total 40960K, used 8493K [0x00000000c4400000, 0x00000000c6c00000, 0x00000000ec180000)
  object space 40960K, 20% used [0x00000000c4400000,0x00000000c4c4b6d8,0x00000000c6c00000)
 Metaspace       used 20623K, capacity 21188K, committed 21296K, reserved 1067008K
  class space    used 2660K, capacity 2849K, committed 2864K, reserved 1048576K
}
Event: 3,892 GC heap before
{Heap before GC invocations=8 (full 1):
 PSYoungGen      total 67584K, used 3792K [0x00000000ec180000, 0x00000000f4480000, 0x0000000100000000)
  eden space 59904K, 0% used [0x00000000ec180000,0x00000000ec180000,0x00000000efc00000)
  from space 7680K, 49% used [0x00000000efc00000,0x00000000effb4260,0x00000000f0380000)
  to   space 7168K, 0% used [0x00000000f3d80000,0x00000000f3d80000,0x00000000f4480000)
 ParOldGen       total 40960K, used 8493K [0x00000000c4400000, 0x00000000c6c00000, 0x00000000ec180000)
  object space 40960K, 20% used [0x00000000c4400000,0x00000000c4c4b6d8,0x00000000c6c00000)
 Metaspace       used 20623K, capacity 21188K, committed 21296K, reserved 1067008K
  class space    used 2660K, capacity 2849K, committed 2864K, reserved 1048576K
Event: 3,930 GC heap after
Heap after GC invocations=8 (full 1):
 PSYoungGen      total 67584K, used 0K [0x00000000ec180000, 0x00000000f4480000, 0x0000000100000000)
  eden space 59904K, 0% used [0x00000000ec180000,0x00000000ec180000,0x00000000efc00000)
  from space 7680K, 0% used [0x00000000efc00000,0x00000000efc00000,0x00000000f0380000)
  to   space 7168K, 0% used [0x00000000f3d80000,0x00000000f3d80000,0x00000000f4480000)
 ParOldGen       total 29696K, used 6096K [0x00000000c4400000, 0x00000000c6100000, 0x00000000ec180000)
  object space 29696K, 20% used [0x00000000c4400000,0x00000000c49f40b0,0x00000000c6100000)
 Metaspace       used 20623K, capacity 21188K, committed 21296K, reserved 1067008K
  class space    used 2660K, capacity 2849K, committed 2864K, reserved 1048576K
}
Event: 4,519 GC heap before
{Heap before GC invocations=9 (full 1):
 PSYoungGen      total 67584K, used 59904K [0x00000000ec180000, 0x00000000f4480000, 0x0000000100000000)
  eden space 59904K, 100% used [0x00000000ec180000,0x00000000efc00000,0x00000000efc00000)
  from space 7680K, 0% used [0x00000000efc00000,0x00000000efc00000,0x00000000f0380000)
  to   space 7168K, 0% used [0x00000000f3d80000,0x00000000f3d80000,0x00000000f4480000)
 ParOldGen       total 29696K, used 6096K [0x00000000c4400000, 0x00000000c6100000, 0x00000000ec180000)
  object space 29696K, 20% used [0x00000000c4400000,0x00000000c49f40b0,0x00000000c6100000)
 Metaspace       used 23763K, capacity 24472K, committed 24752K, reserved 1071104K
  class space    used 3044K, capacity 3217K, committed 3248K, reserved 1048576K
Event: 4,527 GC heap after
Heap after GC invocations=9 (full 1):
 PSYoungGen      total 104448K, used 4734K [0x00000000ec180000, 0x00000000f4280000, 0x0000000100000000)
  eden space 99328K, 0% used [0x00000000ec180000,0x00000000ec180000,0x00000000f2280000)
  from space 5120K, 92% used [0x00000000f3d80000,0x00000000f421f9c8,0x00000000f4280000)
  to   space 7168K, 0% used [0x00000000f3480000,0x00000000f3480000,0x00000000f3b80000)
 ParOldGen       total 29696K, used 6104K [0x00000000c4400000, 0x00000000c6100000, 0x00000000ec180000)
  object space 29696K, 20% used [0x00000000c4400000,0x00000000c49f60b0,0x00000000c6100000)
 Metaspace       used 23763K, capacity 24472K, committed 24752K, reserved 1071104K
  class space    used 3044K, capacity 3217K, committed 3248K, reserved 1048576K
}
Event: 9,160 GC heap before
{Heap before GC invocations=10 (full 1):
 PSYoungGen      total 104448K, used 104062K [0x00000000ec180000, 0x00000000f4280000, 0x0000000100000000)
  eden space 99328K, 100% used [0x00000000ec180000,0x00000000f2280000,0x00000000f2280000)
  from space 5120K, 92% used [0x00000000f3d80000,0x00000000f421f9c8,0x00000000f4280000)
  to   space 7168K, 0% used [0x00000000f3480000,0x00000000f3480000,0x00000000f3b80000)
 ParOldGen       total 29696K, used 6104K [0x00000000c4400000, 0x00000000c6100000, 0x00000000ec180000)
  object space 29696K, 20% used [0x00000000c4400000,0x00000000c49f60b0,0x00000000c6100000)
 Metaspace       used 29537K, capacity 30700K, committed 30768K, reserved 1075200K
  class space    used 3849K, capacity 4085K, committed 4144K, reserved 1048576K
Event: 9,494 GC heap after
Heap after GC invocations=10 (full 1):
 PSYoungGen      total 124928K, used 7161K [0x00000000ec180000, 0x00000000f5d00000, 0x0000000100000000)
  eden space 117760K, 0% used [0x00000000ec180000,0x00000000ec180000,0x00000000f3480000)
  from space 7168K, 99% used [0x00000000f3480000,0x00000000f3b7e500,0x00000000f3b80000)
  to   space 10752K, 0% used [0x00000000f5280000,0x00000000f5280000,0x00000000f5d00000)
 ParOldGen       total 29696K, used 12764K [0x00000000c4400000, 0x00000000c6100000, 0x00000000ec180000)
  object space 29696K, 42% used [0x00000000c4400000,0x00000000c5077268,0x00000000c6100000)
 Metaspace       used 29537K, capacity 30700K, committed 30768K, reserved 1075200K
  class space    used 3849K, capacity 4085K, committed 4144K, reserved 1048576K
}
Event: 18,616 GC heap before
{Heap before GC invocations=11 (full 1):
 PSYoungGen      total 124928K, used 124921K [0x00000000ec180000, 0x00000000f5d00000, 0x0000000100000000)
  eden space 117760K, 100% used [0x00000000ec180000,0x00000000f3480000,0x00000000f3480000)
  from space 7168K, 99% used [0x00000000f3480000,0x00000000f3b7e500,0x00000000f3b80000)
  to   space 10752K, 0% used [0x00000000f5280000,0x00000000f5280000,0x00000000f5d00000)
 ParOldGen       total 29696K, used 12764K [0x00000000c4400000, 0x00000000c6100000, 0x00000000ec180000)
  object space 29696K, 42% used [0x00000000c4400000,0x00000000c5077268,0x00000000c6100000)
 Metaspace       used 33352K, capacity 34778K, committed 34864K, reserved 1079296K
  class space    used 4337K, capacity 4624K, committed 4656K, reserved 1048576K

Deoptimization events (10 events):
Event: 15,096 Thread 0x00007fd4143de000 Uncommon trap: reason=class_check action=maybe_recompile pc=0x00007fd450a8a0f4 method=java.util.zip.InflaterInputStream.read([BII)I @ 100
Event: 15,096 Thread 0x00007fd4143de000 Uncommon trap: reason=class_check action=maybe_recompile pc=0x00007fd450a8a0f4 method=java.util.zip.InflaterInputStream.read([BII)I @ 100
Event: 15,096 Thread 0x00007fd4143de000 Uncommon trap: reason=class_check action=maybe_recompile pc=0x00007fd450a8a0f4 method=java.util.zip.InflaterInputStream.read([BII)I @ 100
Event: 15,729 Thread 0x00007fd4143de000 Uncommon trap: reason=unstable_if action=reinterpret pc=0x00007fd4510ddef0 method=java.util.Properties$LineReader.readLine()I @ 440
Event: 15,777 Thread 0x00007fd4143de000 Uncommon trap: reason=unstable_if action=reinterpret pc=0x00007fd450cbaa50 method=org.springframework.util.ConcurrentReferenceHashMap$Segment.findInChain(Lorg/springframework/util/ConcurrentReferenceHashMap$Reference;Ljava/lang/Object;I)Lorg/springframewo
Event: 15,777 Thread 0x00007fd4143de000 Uncommon trap: reason=unstable_if action=reinterpret pc=0x00007fd450cba374 method=org.springframework.util.ConcurrentReferenceHashMap$Segment.findInChain(Lorg/springframework/util/ConcurrentReferenceHashMap$Reference;Ljava/lang/Object;I)Lorg/springframewo
Event: 16,131 Thread 0x00007fd4143de000 Uncommon trap: reason=unstable_if action=reinterpret pc=0x00007fd45070364c method=org.springframework.asm.Frame.merge(Lorg/springframework/asm/ClassWriter;I[II)Z @ 80
Event: 16,132 Thread 0x00007fd4143de000 Uncommon trap: reason=unstable_if action=reinterpret pc=0x00007fd450fe3014 method=org.springframework.asm.Frame.merge(Lorg/springframework/asm/ClassWriter;I[II)Z @ 80
Event: 16,151 Thread 0x00007fd4143de000 Uncommon trap: reason=unstable_if action=reinterpret pc=0x00007fd450ece0bc method=org.springframework.asm.Type.getDescriptor(Ljava/lang/StringBuilder;Ljava/lang/Class;)V @ 39
Event: 17,850 Thread 0x00007fd4143de000 Uncommon trap: reason=null_check action=make_not_entrant pc=0x00007fd451031b54 method=org.springframework.util.ClassUtils.isAssignable(Ljava/lang/Class;Ljava/lang/Class;)Z @ 14

Classes redefined (0 events):
No events

Internal exceptions (10 events):
Event: 18,125 Thread 0x00007fd4143de000 Exception <a 'java/lang/ClassNotFoundException': org/springframework/security/oauth2/client/token/grant/redirect/AbstractRedirectResourceDetailsCustomizer> (0x00000000f2ece8d8) thrown at [/HUDSON/workspace/8-2-build-linux-amd64/jdk8u201/12317/hotspot/src/
Event: 18,126 Thread 0x00007fd4143de000 Exception <a 'java/lang/ClassNotFoundException': org/springframework/security/oauth2/client/token/grant/code/AuthorizationCodeResourceDetailsCustomizer> (0x00000000f2f033e8) thrown at [/HUDSON/workspace/8-2-build-linux-amd64/jdk8u201/12317/hotspot/src/sha
Event: 18,127 Thread 0x00007fd4143de000 Exception <a 'java/lang/ClassNotFoundException': org/springframework/security/oauth2/client/resource/OAuth2ProtectedResourceDetailsCustomizer> (0x00000000f2f358d8) thrown at [/HUDSON/workspace/8-2-build-linux-amd64/jdk8u201/12317/hotspot/src/share/vm/clas
Event: 18,414 Thread 0x00007fd4143de000 Exception <a 'java/lang/ClassNotFoundException': java/lang/ObjectCustomizer> (0x00000000f31fbae0) thrown at [/HUDSON/workspace/8-2-build-linux-amd64/jdk8u201/12317/hotspot/src/share/vm/classfile/systemDictionary.cpp, line 210]
Event: 18,444 Thread 0x00007fd4143de000 Exception <a 'java/lang/ClassNotFoundException': org/springframework/http/client/support/HttpAccessorCustomizer> (0x00000000f3219988) thrown at [/HUDSON/workspace/8-2-build-linux-amd64/jdk8u201/12317/hotspot/src/share/vm/classfile/systemDictionary.cpp, li
Event: 18,447 Thread 0x00007fd4143de000 Exception <a 'java/lang/ClassNotFoundException': org/springframework/http/client/support/InterceptingHttpAccessorCustomizer> (0x00000000f323b450) thrown at [/HUDSON/workspace/8-2-build-linux-amd64/jdk8u201/12317/hotspot/src/share/vm/classfile/systemDictio
Event: 18,450 Thread 0x00007fd4143de000 Exception <a 'java/lang/ClassNotFoundException': org/springframework/web/client/RestTemplateCustomizer> (0x00000000f3267730) thrown at [/HUDSON/workspace/8-2-build-linux-amd64/jdk8u201/12317/hotspot/src/share/vm/classfile/systemDictionary.cpp, line 210]
Event: 18,456 Thread 0x00007fd4143de000 Exception <a 'java/lang/ClassNotFoundException': org/springframework/security/oauth2/client/OAuth2RestTemplateCustomizer> (0x00000000f32f82a8) thrown at [/HUDSON/workspace/8-2-build-linux-amd64/jdk8u201/12317/hotspot/src/share/vm/classfile/systemDictionar
Event: 18,457 Thread 0x00007fd4143de000 Exception <a 'java/lang/ClassNotFoundException': org/springframework/security/oauth2/client/OAuth2RestOperationsCustomizer> (0x00000000f333e7b0) thrown at [/HUDSON/workspace/8-2-build-linux-amd64/jdk8u201/12317/hotspot/src/share/vm/classfile/systemDiction
Event: 18,457 Thread 0x00007fd4143de000 Exception <a 'java/lang/ClassNotFoundException': org/springframework/web/client/RestOperationsCustomizer> (0x00000000f335ca78) thrown at [/HUDSON/workspace/8-2-build-linux-amd64/jdk8u201/12317/hotspot/src/share/vm/classfile/systemDictionary.cpp, line 210]

Events (10 events):
Event: 18,457 loading class org/springframework/security/oauth2/client/OAuth2RestOperationsCustomizer done
Event: 18,457 loading class org/springframework/security/oauth2/client/OAuth2RestOperationsCustomizer
Event: 18,457 loading class org/springframework/security/oauth2/client/OAuth2RestOperationsCustomizer done
Event: 18,457 loading class org/springframework/web/client/RestOperationsCustomizer
Event: 18,457 loading class org/springframework/web/client/RestOperationsCustomizer done
Event: 18,457 loading class org/springframework/web/client/RestOperationsCustomizer
Event: 18,457 loading class org/springframework/web/client/RestOperationsCustomizer done
Event: 18,457 loading class org/springframework/web/client/RestOperationsCustomizer
Event: 18,457 loading class org/springframework/web/client/RestOperationsCustomizer done
Event: 18,549 Executing VM operation: ParallelGCFailedAllocation


Dynamic libraries:
00400000-00401000 r-xp 00000000 08:07 1841144                            /usr/lib/jvm/java-8-oracle/bin/java
00600000-00601000 r--p 00000000 08:07 1841144                            /usr/lib/jvm/java-8-oracle/bin/java
00601000-00602000 rw-p 00001000 08:07 1841144                            /usr/lib/jvm/java-8-oracle/bin/java
00bdd000-00bfe000 rw-p 00000000 00:00 0                                  [heap]
c4400000-c6100000 rw-p 00000000 00:00 0 
c6100000-ec180000 ---p 00000000 00:00 0 
ec180000-f5d00000 rw-p 00000000 00:00 0 
f8980000-100000000 ---p 00000000 00:00 0 
100000000-10048c000 rw-p 00000000 00:00 0 
10048c000-140000000 ---p 00000000 00:00 0 
7fd408000000-7fd40826b000 rw-p 00000000 00:00 0 
7fd40826b000-7fd40c000000 ---p 00000000 00:00 0 
7fd40cfff000-7fd410000000 rw-p 00000000 00:00 0 
7fd410000000-7fd410021000 rw-p 00000000 00:00 0 
7fd410021000-7fd414000000 ---p 00000000 00:00 0 
7fd414000000-7fd41440f000 rw-p 00000000 00:00 0 
7fd41440f000-7fd418000000 ---p 00000000 00:00 0 
7fd418000000-7fd418fc1000 rw-p 00000000 00:00 0 
7fd418fc1000-7fd41c000000 ---p 00000000 00:00 0 
7fd41c000000-7fd41c021000 rw-p 00000000 00:00 0 
7fd41c021000-7fd420000000 ---p 00000000 00:00 0 
7fd420000000-7fd421a76000 rw-p 00000000 00:00 0 
7fd421a76000-7fd424000000 ---p 00000000 00:00 0 
7fd424000000-7fd425bbd000 rw-p 00000000 00:00 0 
7fd425bbd000-7fd428000000 ---p 00000000 00:00 0 
7fd428000000-7fd428021000 rw-p 00000000 00:00 0 
7fd428021000-7fd42c000000 ---p 00000000 00:00 0 
7fd42c000000-7fd42c021000 rw-p 00000000 00:00 0 
7fd42c021000-7fd430000000 ---p 00000000 00:00 0 
7fd430000000-7fd4302a3000 rw-p 00000000 00:00 0 
7fd4302a3000-7fd434000000 ---p 00000000 00:00 0 
7fd434000000-7fd434021000 rw-p 00000000 00:00 0 
7fd434021000-7fd438000000 ---p 00000000 00:00 0 
7fd438000000-7fd438021000 rw-p 00000000 00:00 0 
7fd438021000-7fd43c000000 ---p 00000000 00:00 0 
7fd43c000000-7fd43c021000 rw-p 00000000 00:00 0 
7fd43c021000-7fd440000000 ---p 00000000 00:00 0 
7fd440000000-7fd440021000 rw-p 00000000 00:00 0 
7fd440021000-7fd444000000 ---p 00000000 00:00 0 
7fd445216000-7fd445396000 rw-p 00000000 00:00 0 
7fd445396000-7fd445416000 ---p 00000000 00:00 0 
7fd445416000-7fd445616000 rw-p 00000000 00:00 0 
7fd4456ae000-7fd4458ae000 rw-p 00000000 00:00 0 
7fd4458ae000-7fd445aae000 rw-p 00000000 00:00 0 
7fd445aae000-7fd445ab3000 r--s 002f9000 08:07 1871348                    /usr/lib/jvm/java-8-oracle/jre/lib/charsets.jar
7fd445ab3000-7fd445cb3000 rw-p 00000000 00:00 0 
7fd445cb3000-7fd445eb3000 rw-p 00000000 00:00 0 
7fd445eb3000-7fd445eb6000 ---p 00000000 00:00 0 
7fd445eb6000-7fd4461b4000 rw-p 00000000 00:00 0 
7fd4461b4000-7fd4461c5000 r-xp 00000000 08:07 1871891                    /usr/lib/jvm/java-8-oracle/jre/lib/amd64/libnio.so
7fd4461c5000-7fd4463c4000 ---p 00011000 08:07 1871891                    /usr/lib/jvm/java-8-oracle/jre/lib/amd64/libnio.so
7fd4463c4000-7fd4463c5000 r--p 00010000 08:07 1871891                    /usr/lib/jvm/java-8-oracle/jre/lib/amd64/libnio.so
7fd4463c5000-7fd4463c6000 rw-p 00011000 08:07 1871891                    /usr/lib/jvm/java-8-oracle/jre/lib/amd64/libnio.so
7fd4463c6000-7fd4465c6000 rw-p 00000000 00:00 0 
7fd4465c6000-7fd4465ca000 r--s 000a1000 08:07 1871355                    /usr/lib/jvm/java-8-oracle/jre/lib/jsse.jar
7fd4465ca000-7fd4467ca000 rw-p 00000000 00:00 0 
7fd4467ca000-7fd4469ca000 rw-p 00000000 00:00 0 
7fd4469ca000-7fd4469e0000 r-xp 00000000 08:07 1871888                    /usr/lib/jvm/java-8-oracle/jre/lib/amd64/libnet.so
7fd4469e0000-7fd446be0000 ---p 00016000 08:07 1871888                    /usr/lib/jvm/java-8-oracle/jre/lib/amd64/libnet.so
7fd446be0000-7fd446be1000 r--p 00016000 08:07 1871888                    /usr/lib/jvm/java-8-oracle/jre/lib/amd64/libnet.so
7fd446be1000-7fd446be2000 rw-p 00017000 08:07 1871888                    /usr/lib/jvm/java-8-oracle/jre/lib/amd64/libnet.so
7fd446be2000-7fd446beb000 r-xp 00000000 08:07 1871896                    /usr/lib/jvm/java-8-oracle/jre/lib/amd64/libmanagement.so
7fd446beb000-7fd446dea000 ---p 00009000 08:07 1871896                    /usr/lib/jvm/java-8-oracle/jre/lib/amd64/libmanagement.so
7fd446dea000-7fd446deb000 r--p 00008000 08:07 1871896                    /usr/lib/jvm/java-8-oracle/jre/lib/amd64/libmanagement.so
7fd446deb000-7fd446dec000 rw-p 00009000 08:07 1871896                    /usr/lib/jvm/java-8-oracle/jre/lib/amd64/libmanagement.so
7fd446dec000-7fd446e82000 r--s 0110e000 08:07 1871775                    /usr/lib/jvm/java-8-oracle/jre/lib/ext/jfxrt.jar
7fd446e82000-7fd447082000 rw-p 00000000 00:00 0 
7fd447082000-7fd447085000 ---p 00000000 00:00 0 
7fd447085000-7fd447183000 rw-p 00000000 00:00 0 
7fd447183000-7fd447184000 r--s 00000000 08:07 1315044                    /home/nikita/.gradle/caches/modules-2/files-2.1/org.codehaus.mojo/animal-sniffer-annotations/1.17/f97ce6decaea32b36101e37979f8b647f00681fb/animal-sniffer-annotations-1.17.jar
7fd447184000-7fd447186000 r--s 00001000 08:07 1315045                    /home/nikita/.gradle/caches/modules-2/files-2.1/com.google.j2objc/j2objc-annotations/1.1/ed28ded51a8b1c6b112568def5f4b455e6809019/j2objc-annotations-1.1.jar
7fd447186000-7fd447188000 r--s 00002000 08:07 1315042                    /home/nikita/.gradle/caches/modules-2/files-2.1/com.google.errorprone/error_prone_annotations/2.2.0/88e3c593e9b3586e1c6177f89267da6fc6986f0c/error_prone_annotations-2.2.0.jar
7fd447188000-7fd447192000 r--s 00026000 08:07 1315041                    /home/nikita/.gradle/caches/modules-2/files-2.1/org.checkerframework/checker-qual/2.5.2/cea74543d5904a30861a61b4643a5f2bb372efc4/checker-qual-2.5.2.jar
7fd447192000-7fd447194000 r--s 00003000 08:07 1315039                    /home/nikita/.gradle/caches/modules-2/files-2.1/com.google.code.findbugs/jsr305/3.0.2/25ea2e8b0c338a877313bd4672d3fe056ea78f0d/jsr305-3.0.2.jar
7fd447194000-7fd447195000 r--s 00000000 08:07 1315040                    /home/nikita/.gradle/caches/modules-2/files-2.1/com.google.guava/listenablefuture/9999.0-empty-to-avoid-conflict-with-guava/b421526c5f297295adef1c886e5246c39d4ac629/listenablefuture-9999.0-empty-to-avoid-conflict-with-guava.jar
7fd447195000-7fd447197000 r--s 00000000 08:07 1315037                    /home/nikita/.gradle/caches/modules-2/files-2.1/com.google.guava/failureaccess/1.0.1/1dcf1de382a0bf95a3d8b0849546c88bac1292c9/failureaccess-1.0.1.jar
7fd447197000-7fd44719e000 r--s 00042000 08:07 1314737                    /home/nikita/.gradle/caches/modules-2/files-2.1/org.yaml/snakeyaml/1.19/2d998d3d674b172a588e54ab619854d073f555b5/snakeyaml-1.19.jar
7fd44719e000-7fd4471d0000 r--s 0026d000 08:07 1315038                    /home/nikita/.gradle/caches/modules-2/files-2.1/com.google.guava/guava/27.1-jre/e47b59c893079b87743cdcfb6f17ca95c08c592c/guava-27.1-jre.jar
7fd4471d0000-7fd4471d4000 r--s 00031000 08:07 1315043                    /home/nikita/.gradle/caches/modules-2/files-2.1/commons-io/commons-io/2.6/815893df5f31da2ece4040fe0a12fd44b577afaf/commons-io-2.6.jar
7fd4471d4000-7fd4471da000 r--s 00039000 08:07 1314763                    /home/nikita/.gradle/caches/modules-2/files-2.1/org.apache.logging.log4j/log4j-api/2.10.0/fec5797a55b786184a537abd39c3fa1449d752d6/log4j-api-2.10.0.jar
7fd4471da000-7fd4471e5000 r--s 00069000 08:07 1314762                    /home/nikita/.gradle/caches/modules-2/files-2.1/ch.qos.logback/logback-core/1.2.3/864344400c3d4d92dfeb0a305dc87d953677c03c/logback-core-1.2.3.jar
7fd4471e5000-7fd4471ea000 r--s 00012000 08:07 1314759                    /home/nikita/.gradle/caches/modules-2/files-2.1/javax.validation/validation-api/2.0.1.Final/cb855558e6271b1b32e716d24cb85c7f583ce09e/validation-api-2.0.1.Final.jar
7fd4471ea000-7fd4471ee000 r--s 00037000 08:07 1314758                    /home/nikita/.gradle/caches/modules-2/files-2.1/org.apache.tomcat.embed/tomcat-embed-el/8.5.29/893fb2c87ec1aa248a7911d76c0c06b3fca6bc9b/tomcat-embed-el-8.5.29.jar
7fd4471ee000-7fd447218000 r--s 002cc000 08:07 1314757                    /home/nikita/.gradle/caches/modules-2/files-2.1/org.apache.tomcat.embed/tomcat-embed-core/8.5.29/51eac5adde4bc019261b787cb99e5548206908e6/tomcat-embed-core-8.5.29.jar
7fd447218000-7fd44721d000 r--s 0003a000 08:07 1314756                    /home/nikita/.gradle/caches/modules-2/files-2.1/org.apache.tomcat.embed/tomcat-embed-websocket/8.5.29/37786f4ca8a1597a91a0f437e659a76d1fcc5bf1/tomcat-embed-websocket-8.5.29.jar
7fd44721d000-7fd447221000 r--s 0004b000 08:07 1314761                    /home/nikita/.gradle/caches/modules-2/files-2.1/com.fasterxml.jackson.core/jackson-core/2.9.5/a22ac51016944b06fd9ffbc9541c6e7ce5eea117/jackson-core-2.9.5.jar
7fd447221000-7fd447224000 r--s 0000e000 08:07 1314760                    /home/nikita/.gradle/caches/modules-2/files-2.1/com.fasterxml.jackson.core/jackson-annotations/2.9.0/7c10d545325e3a6e72e06381afe469fd40eb701/jackson-annotations-2.9.0.jar
7fd447224000-7fd447228000 r--s 00035000 08:07 1315121                    /home/nikita/.gradle/caches/modules-2/files-2.1/org.codehaus.jackson/jackson-core-asl/1.9.13/3c304d70f42f832e0a86d45bd437f692129299a4/jackson-core-asl-1.9.13.jar
7fd447228000-7fd44722a000 r--s 00004000 08:07 1314617                    /home/nikita/.gradle/caches/modules-2/files-2.1/org.springframework/spring-jcl/5.0.5.RELEASE/f4a2854b9d865e8b86717595aec16f877f8c6489/spring-jcl-5.0.5.RELEASE.jar
7fd44722a000-7fd447275000 r--s 002ff000 08:07 1356383                    /home/nikita/.gradle/caches/modules-2/files-2.1/org.bouncycastle/bcprov-jdk15on/1.56/a153c6f9744a3e9dd6feab5e210e1c9861362ec7/bcprov-jdk15on-1.56.jar
7fd447275000-7fd447277000 r--s 00009000 08:07 1314751                    /home/nikita/.gradle/caches/modules-2/files-2.1/org.slf4j/slf4j-api/1.7.25/da76ca59f6a57ee3102f8f9bd9cee742973efa8a/slf4j-api-1.7.25.jar
7fd447277000-7fd447279000 r--s 00000000 08:07 1314750                    /home/nikita/.gradle/caches/modules-2/files-2.1/org.slf4j/jul-to-slf4j/1.7.25/af5364cd6679bfffb114f0dec8a157aaa283b76/jul-to-slf4j-1.7.25.jar
7fd447279000-7fd44727b000 r--s 00003000 08:07 1314749                    /home/nikita/.gradle/caches/modules-2/files-2.1/org.apache.logging.log4j/log4j-to-slf4j/2.10.0/f7e631ccf49cfc0aefa4a2a728da7d374c05bd3c/log4j-to-slf4j-2.10.0.jar
7fd44727b000-7fd447281000 r--s 00041000 08:07 1314748                    /home/nikita/.gradle/caches/modules-2/files-2.1/ch.qos.logback/logback-classic/1.2.3/7c4f3c474fb2c041d8028740440937705ebb473a/logback-classic-1.2.3.jar
7fd447281000-7fd447286000 r--s 00048000 08:07 1314747                    /home/nikita/.gradle/caches/modules-2/files-2.1/dom4j/dom4j/1.6.1/5d3ccc056b6f056dbf0dddfdf43894b9065a8f94/dom4j-1.6.1.jar
7fd447286000-7fd447288000 r--s 0000e000 08:07 1314746                    /home/nikita/.gradle/caches/modules-2/files-2.1/com.fasterxml/classmate/1.3.4/3d5f48f10bbe4eb7bd862f10c0583be2e0053c6/classmate-1.3.4.jar
7fd447288000-7fd44728b000 r--s 0002b000 08:07 1314745                    /home/nikita/.gradle/caches/modules-2/files-2.1/org.jboss/jandex/2.0.3.Final/bfc4d6257dbff7a33a357f0de116be6ff951d849/jandex-2.0.3.Final.jar
7fd44728b000-7fd447290000 r--s 00068000 08:07 1314744                    /home/nikita/.gradle/caches/modules-2/files-2.1/antlr/antlr/2.7.7/83cd2cd674a217ade95a4bb83a8a14f351f48bd0/antlr-2.7.7.jar
7fd447290000-7fd44729a000 r--s 000ab000 08:07 1314743                    /home/nikita/.gradle/caches/modules-2/files-2.1/org.javassist/javassist/3.22.0-GA/3e83394258ae2089be7219b971ec21a8288528ad/javassist-3.22.0-GA.jar
7fd44729a000-7fd44729f000 r--s 00017000 08:07 1314742                    /home/nikita/.gradle/caches/modules-2/files-2.1/org.hibernate.javax.persistence/hibernate-jpa-2.1-api/1.0.0.Final/5e731d961297e5a07290bfaf3db1fbc8bbbf405a/hibernate-jpa-2.1-api-1.0.0.Final.jar
7fd44729f000-7fd4472a1000 r--s 0000f000 08:07 1314741                    /home/nikita/.gradle/caches/modules-2/files-2.1/org.jboss.logging/jboss-logging/3.3.2.Final/3789d00e859632e6c6206adc0c71625559e6e3b0/jboss-logging-3.3.2.Final.jar
7fd4472a1000-7fd4472a4000 r--s 00010000 08:07 1314740                    /home/nikita/.gradle/caches/modules-2/files-2.1/org.hibernate.common/hibernate-commons-annotations/5.0.1.Final/71e1cff3fcb20d3b3af4f3363c3ddb24d33c6879/hibernate-commons-annotations-5.0.1.Final.jar
7fd4472a4000-7fd4472a7000 r--s 00020000 08:07 1314739                    /home/nikita/.gradle/caches/modules-2/files-2.1/com.zaxxer/HikariCP/2.7.8/4a3a604fa2efa89621aa498d04e000b2bed90c39/HikariCP-2.7.8.jar
7fd4472a7000-7fd4472c0000 r--s 001bf000 08:07 1314738                    /home/nikita/.gradle/caches/modules-2/files-2.1/org.aspectj/aspectjweaver/1.8.13/ad94df2a28d658a40dc27bbaff6a1ce5fbf04e9b/aspectjweaver-1.8.13.jar
7fd4472c0000-7fd4472c2000 r--s 00005000 08:07 1314728                    /home/nikita/.gradle/caches/modules-2/files-2.1/javax.annotation/javax.annotation-api/1.3.2/934c04d3cfef185a8008e7bf34331b79730a9d43/javax.annotation-api-1.3.2.jar
7fd4472c2000-7fd4472c3000 r--s 00000000 08:07 1314727                    /home/nikita/.gradle/caches/modules-2/files-2.1/org.springframework.boot/spring-boot-starter-logging/2.0.1.RELEASE/10681a28c95e9f9c0159327a1ed0c860517c7ad7/spring-boot-starter-logging-2.0.1.RELEASE.jar
7fd4472c3000-7fd4472e0000 r--s 000f8000 08:07 1314722                    /home/nikita/.gradle/caches/modules-2/files-2.1/org.hibernate.validator/hibernate-validator/6.0.9.Final/b149e4cce82379f11f6129eb3187ca8ae5404005/hibernate-validator-6.0.9.Final.jar
7fd4472e0000-7fd4472e1000 r--s 00000000 08:07 1314721                    /home/nikita/.gradle/caches/modules-2/files-2.1/org.springframework.boot/spring-boot-starter-tomcat/2.0.1.RELEASE/4b46f4aaff6c8a5a1c8184996d5e9e8a9354db8d/spring-boot-starter-tomcat-2.0.1.RELEASE.jar
7fd4472e1000-7fd4472f4000 r--s 00135000 08:07 1314755                    /home/nikita/.gradle/caches/modules-2/files-2.1/com.fasterxml.jackson.core/jackson-databind/2.9.5/3490508379d065fe3fcb80042b62f630f7588606/jackson-databind-2.9.5.jar
7fd4472f4000-7fd4472f6000 r--s 00001000 08:07 1314754                    /home/nikita/.gradle/caches/modules-2/files-2.1/com.fasterxml.jackson.module/jackson-module-parameter-names/2.9.5/f824c60751ffb7bfc3a0d30dfe0e42317d8e67f5/jackson-module-parameter-names-2.9.5.jar
7fd4472f6000-7fd4472f9000 r--s 00016000 08:07 1314753                    /home/nikita/.gradle/caches/modules-2/files-2.1/com.fasterxml.jackson.datatype/jackson-datatype-jsr310/2.9.5/d1f0d11e816bc04e222a261106ca138801841c2d/jackson-datatype-jsr310-2.9.5.jar
7fd4472f9000-7fd4472fb000 r--s 00007000 08:07 1314752                    /home/nikita/.gradle/caches/modules-2/files-2.1/com.fasterxml.jackson.datatype/jackson-datatype-jdk8/2.9.5/23e37f085279ba316c0df923513b81609e1d1f6/jackson-datatype-jdk8-2.9.5.jar
7fd4472fb000-7fd447309000 r--s 000b1000 08:07 1315120                    /home/nikita/.gradle/caches/modules-2/files-2.1/org.codehaus.jackson/jackson-mapper-asl/1.9.13/1ee2f2bed0e5dd29d1cb155a166e6f8d50bbddb7/jackson-mapper-asl-1.9.13.jar
7fd447309000-7fd447310000 r--s 0004b000 08:07 1314983                    /home/nikita/.gradle/caches/modules-2/files-2.1/commons-codec/commons-codec/1.11/3acb4705652e16236558f0f4f2192cc33c3bd189/commons-codec-1.11.jar
7fd447310000-7fd447328000 r--s 00114000 08:07 1314619                    /home/nikita/.gradle/caches/modules-2/files-2.1/org.springframework/spring-core/5.0.5.RELEASE/1bd9feb1d9dac6accd27f5244b6c47cfcb55045c/spring-core-5.0.5.RELEASE.jar
7fd447328000-7fd44732d000 r--s 0003f000 08:07 1314736                    /home/nikita/.gradle/caches/modules-2/files-2.1/org.springframework/spring-expression/5.0.5.RELEASE/fc6c7a95aeb7d00f4c65c338b08d97767eb0dd99/spring-expression-5.0.5.RELEASE.jar
7fd44732d000-7fd44733a000 r--s 00095000 08:07 1314735                    /home/nikita/.gradle/caches/modules-2/files-2.1/org.springframework/spring-beans/5.0.5.RELEASE/984445863c0bbdaaf860615762d998b471a6bf92/spring-beans-5.0.5.RELEASE.jar
7fd44733a000-7fd447342000 r--s 00037000 08:07 1314734                    /home/nikita/.gradle/caches/modules-2/files-2.1/org.springframework/spring-tx/5.0.5.RELEASE/b772fbba533da282adc89f33e2619ee8a8bba601/spring-tx-5.0.5.RELEASE.jar
7fd447342000-7fd447359000 r--s 000f0000 08:07 1314733                    /home/nikita/.gradle/caches/modules-2/files-2.1/org.springframework.data/spring-data-commons/2.0.6.RELEASE/4d65fdcbe258961e866f4f85c87c13193bbfd18c/spring-data-commons-2.0.6.RELEASE.jar
7fd447359000-7fd447362000 r--s 00059000 08:07 1314732                    /home/nikita/.gradle/caches/modules-2/files-2.1/org.springframework/spring-jdbc/5.0.5.RELEASE/456bc4d2281c37aa2f2206651a3048a1d3559d2a/spring-jdbc-5.0.5.RELEASE.jar
7fd447362000-7fd447366000 r--s 0002b000 08:07 1314731                    /home/nikita/.gradle/caches/modules-2/files-2.1/org.springframework/spring-orm/5.0.5.RELEASE/6734f5ef4c2ebf1d00021fd4b314138f10792174/spring-orm-5.0.5.RELEASE.jar
7fd447366000-7fd447380000 r--s 00119000 08:07 1314723                    /home/nikita/.gradle/caches/modules-2/files-2.1/org.springframework/spring-web/5.0.5.RELEASE/d51dbb5cabe72ae02e400577bac48f7fc94088de/spring-web-5.0.5.RELEASE.jar
7fd447380000-7fd447389000 r--s 00051000 08:07 1314730                    /home/nikita/.gradle/caches/modules-2/files-2.1/org.springframework/spring-aop/5.0.5.RELEASE/b11b61b94d7fb752a1c9bf3461d655c3084fae47/spring-aop-5.0.5.RELEASE.jar
7fd447389000-7fd4473a3000 r--s 000f1000 08:07 1314729                    /home/nikita/.gradle/caches/modules-2/files-2.1/org.springframework/spring-context/5.0.5.RELEASE/9cca4bf5acb693249a01c218f471c677b951d6e2/spring-context-5.0.5.RELEASE.jar
7fd4473a3000-7fd4473b8000 r--s 000ce000 08:07 1314726                    /home/nikita/.gradle/caches/modules-2/files-2.1/org.springframework.boot/spring-boot/2.0.1.RELEASE/b8c5b14cbb0e52fdded8f98a8c1493cc74c7cf59/spring-boot-2.0.1.RELEASE.jar
7fd4473b8000-7fd4473d8000 r--s 000fa000 08:07 1314725                    /home/nikita/.gradle/caches/modules-2/files-2.1/org.springframework.boot/spring-boot-autoconfigure/2.0.1.RELEASE/b0bf9d34ed70c6987a86cd58a009065e5fa02545/spring-boot-autoconfigure-2.0.1.RELEASE.jar
7fd4473d8000-7fd4473e7000 r--s 000b2000 08:07 1314724                    /home/nikita/.gradle/caches/modules-2/files-2.1/org.springframework/spring-webmvc/5.0.5.RELEASE/a7fd53c7ad06b0fa7dd4ff347de1b2dc508739e/spring-webmvc-5.0.5.RELEASE.jar
7fd4473e7000-7fd4473f8000 r--s 00097000 08:07 1356382                    /home/nikita/.gradle/caches/modules-2/files-2.1/org.bouncycastle/bcpkix-jdk15on/1.56/4648af70268b6fdb24674fb1fd7c1fcc73db1231/bcpkix-jdk15on-1.56.jar
7fd4473f8000-7fd447408000 r--s 0014c000 08:07 1314720                    /home/nikita/.gradle/caches/modules-2/files-2.1/com.google.protobuf/protobuf-java/3.6.1/d06d46ecfd92ec6d0f3b423b4cd81cb38d8b924/protobuf-java-3.6.1.jar
7fd447408000-7fd44740a000 r--s 0000a000 08:07 1314719                    /home/nikita/.gradle/caches/modules-2/files-2.1/org.springframework/spring-aspects/5.0.5.RELEASE/34994566374425cfdf82634720b010ed20be512d/spring-aspects-5.0.5.RELEASE.jar
7fd44740a000-7fd447412000 r--s 0004a000 08:07 1314718                    /home/nikita/.gradle/caches/modules-2/files-2.1/org.springframework.data/spring-data-jpa/2.0.6.RELEASE/2c683dfbd06551bfd6cc7e05f9d13f5c54c79ba/spring-data-jpa-2.0.6.RELEASE.jar
7fd447412000-7fd447414000 r--s 00006000 08:07 1314717                    /home/nikita/.gradle/caches/modules-2/files-2.1/javax.transaction/javax.transaction-api/1.2/d81aff979d603edd90dcd8db2abc1f4ce6479e3e/javax.transaction-api-1.2.jar
7fd447414000-7fd447491000 r--s 005ee000 08:07 1314716                    /home/nikita/.gradle/caches/modules-2/files-2.1/org.hibernate/hibernate-core/5.2.16.Final/c169565556721e21e9bdc193a3e8e25160a45468/hibernate-core-5.2.16.Final.jar
7fd447491000-7fd447492000 r--s 00000000 08:07 1314715                    /home/nikita/.gradle/caches/modules-2/files-2.1/org.springframework.boot/spring-boot-starter/2.0.1.RELEASE/33abc1286b0aabea4f08ff4285d09e587835a716/spring-boot-starter-2.0.1.RELEASE.jar
7fd447492000-7fd447493000 r--s 00000000 08:07 1314714                    /home/nikita/.gradle/caches/modules-2/files-2.1/org.springframework.boot/spring-boot-starter-json/2.0.1.RELEASE/f2e1aeeb1ac02bfa1b4f7254633484af1866fc65/spring-boot-starter-json-2.0.1.RELEASE.jar
7fd447493000-7fd44749f000 r--s 0005e000 08:07 1315019                    /home/nikita/.gradle/caches/modules-2/files-2.1/org.springframework.security/spring-security-core/5.1.5.RELEASE/574d3da85383c09bd5970fe8a3b42756755702bf/spring-security-core-5.1.5.RELEASE.jar
7fd44749f000-7fd4474aa000 r--s 0009e000 08:07 1315081                    /home/nikita/.gradle/caches/modules-2/files-2.1/org.springframework.security/spring-security-config/5.0.4.RELEASE/355fc8c3d1c61fe85915082587946ad346250d85/spring-security-config-5.0.4.RELEASE.jar
7fd4474aa000-7fd4474ab000 ---p 00000000 00:00 0 
7fd4474ab000-7fd4475ab000 rw-p 00000000 00:00 0 
7fd4475ab000-7fd4475ae000 ---p 00000000 00:00 0 
7fd4475ae000-7fd4476ac000 rw-p 00000000 00:00 0 
7fd4476ac000-7fd4476af000 ---p 00000000 00:00 0 
7fd4476af000-7fd4477ad000 rw-p 00000000 00:00 0 
7fd4477ad000-7fd4477b0000 ---p 00000000 00:00 0 
7fd4477b0000-7fd4478ae000 rw-p 00000000 00:00 0 
7fd4478ae000-7fd4478b1000 ---p 00000000 00:00 0 
7fd4478b1000-7fd4479af000 rw-p 00000000 00:00 0 
7fd4479af000-7fd4479b2000 ---p 00000000 00:00 0 
7fd4479b2000-7fd447ab0000 rw-p 00000000 00:00 0 
7fd447ab0000-7fd447eff000 r--p 00000000 08:07 1843693                    /usr/lib/locale/locale-archive
7fd447eff000-7fd447f02000 ---p 00000000 00:00 0 
7fd447f02000-7fd448000000 rw-p 00000000 00:00 0 
7fd448000000-7fd448021000 rw-p 00000000 00:00 0 
7fd448021000-7fd44c000000 ---p 00000000 00:00 0 
7fd44c000000-7fd44c003000 r--s 00017000 08:07 1314879                    /home/nikita/.gradle/caches/modules-2/files-2.1/io.jsonwebtoken/jjwt/0.6.0/3c8a7897b9ca31c83d3dd364be7f75ce5cd417d7/jjwt-0.6.0.jar
7fd44c003000-7fd44c012000 r--s 00075000 08:07 1315070                    /home/nikita/.gradle/caches/modules-2/files-2.1/org.springframework.security/spring-security-web/5.1.5.RELEASE/6183275812460a301a31216e2061afa4929a5f39/spring-security-web-5.1.5.RELEASE.jar
7fd44c012000-7fd44c01f000 r--s 0006c000 08:07 1315119                    /home/nikita/.gradle/caches/modules-2/files-2.1/org.springframework.security.oauth/spring-security-oauth2/2.3.4.RELEASE/8637380e2f09739dd8ab3484031723446cace6f1/spring-security-oauth2-2.3.4.RELEASE.jar
7fd44c01f000-7fd44c02f000 r--s 001c7000 08:07 1314712                    /home/nikita/.gradle/caches/modules-2/files-2.1/com.h2database/h2/1.4.197/bb391050048ca8ae3e32451b5a3714ecd3596a46/h2-1.4.197.jar
7fd44c02f000-7fd44c046000 r--s 001f2000 08:07 1314711                    /home/nikita/.gradle/caches/modules-2/files-2.1/mysql/mysql-connector-java/8.0.13/28015319e44ff50a8fee655e725fefc4990abeb1/mysql-connector-java-8.0.13.jar
7fd44c046000-7fd44c04b000 r--s 00084000 08:07 1871327                    /usr/lib/jvm/java-8-oracle/jre/lib/jfr.jar
7fd44c04b000-7fd44c05e000 r--s 00345000 08:07 1871354                    /usr/lib/jvm/java-8-oracle/jre/lib/resources.jar
7fd44c05e000-7fd44c061000 ---p 00000000 00:00 0 
7fd44c061000-7fd44c15f000 rw-p 00000000 00:00 0 
7fd44c15f000-7fd44c160000 ---p 00000000 00:00 0 
7fd44c160000-7fd44d1f3000 rw-p 00000000 00:00 0 
7fd44d1f3000-7fd44d3cd000 r--s 03d6f000 08:07 1871350                    /usr/lib/jvm/java-8-oracle/jre/lib/rt.jar
7fd44d3cd000-7fd44fc01000 rw-p 00000000 00:00 0 
7fd44fc01000-7fd44fc02000 ---p 00000000 00:00 0 
7fd44fc02000-7fd44fd02000 rw-p 00000000 00:00 0 
7fd44fd02000-7fd44fd03000 ---p 00000000 00:00 0 
7fd44fd03000-7fd44fe03000 rw-p 00000000 00:00 0 
7fd44fe03000-7fd44fe04000 ---p 00000000 00:00 0 
7fd44fe04000-7fd44ff04000 rw-p 00000000 00:00 0 
7fd44ff04000-7fd44ff05000 ---p 00000000 00:00 0 
7fd44ff05000-7fd450014000 rw-p 00000000 00:00 0 
7fd450014000-7fd450143000 ---p 00000000 00:00 0 
7fd450143000-7fd450192000 rw-p 00000000 00:00 0 
7fd450192000-7fd4501e3000 ---p 00000000 00:00 0 
7fd4501e3000-7fd450213000 rw-p 00000000 00:00 0 
7fd450213000-7fd4505a4000 ---p 00000000 00:00 0 
7fd4505a4000-7fd451144000 rwxp 00000000 00:00 0 
7fd451144000-7fd45f5a4000 ---p 00000000 00:00 0 
7fd45f5a4000-7fd45f5bf000 r-xp 00000000 08:07 1871884                    /usr/lib/jvm/java-8-oracle/jre/lib/amd64/libzip.so
7fd45f5bf000-7fd45f7be000 ---p 0001b000 08:07 1871884                    /usr/lib/jvm/java-8-oracle/jre/lib/amd64/libzip.so
7fd45f7be000-7fd45f7bf000 r--p 0001a000 08:07 1871884                    /usr/lib/jvm/java-8-oracle/jre/lib/amd64/libzip.so
7fd45f7bf000-7fd45f7c0000 rw-p 0001b000 08:07 1871884                    /usr/lib/jvm/java-8-oracle/jre/lib/amd64/libzip.so
7fd45f7c0000-7fd45f7cb000 r-xp 00000000 08:07 5516131                    /lib/x86_64-linux-gnu/libnss_files-2.23.so
7fd45f7cb000-7fd45f9ca000 ---p 0000b000 08:07 5516131                    /lib/x86_64-linux-gnu/libnss_files-2.23.so
7fd45f9ca000-7fd45f9cb000 r--p 0000a000 08:07 5516131                    /lib/x86_64-linux-gnu/libnss_files-2.23.so
7fd45f9cb000-7fd45f9cc000 rw-p 0000b000 08:07 5516131                    /lib/x86_64-linux-gnu/libnss_files-2.23.so
7fd45f9cc000-7fd45f9d2000 rw-p 00000000 00:00 0 
7fd45f9d2000-7fd45f9dd000 r-xp 00000000 08:07 5516136                    /lib/x86_64-linux-gnu/libnss_nis-2.23.so
7fd45f9dd000-7fd45fbdc000 ---p 0000b000 08:07 5516136                    /lib/x86_64-linux-gnu/libnss_nis-2.23.so
7fd45fbdc000-7fd45fbdd000 r--p 0000a000 08:07 5516136                    /lib/x86_64-linux-gnu/libnss_nis-2.23.so
7fd45fbdd000-7fd45fbde000 rw-p 0000b000 08:07 5516136                    /lib/x86_64-linux-gnu/libnss_nis-2.23.so
7fd45fbde000-7fd45fbf4000 r-xp 00000000 08:07 5516100                    /lib/x86_64-linux-gnu/libnsl-2.23.so
7fd45fbf4000-7fd45fdf3000 ---p 00016000 08:07 5516100                    /lib/x86_64-linux-gnu/libnsl-2.23.so
7fd45fdf3000-7fd45fdf4000 r--p 00015000 08:07 5516100                    /lib/x86_64-linux-gnu/libnsl-2.23.so
7fd45fdf4000-7fd45fdf5000 rw-p 00016000 08:07 5516100                    /lib/x86_64-linux-gnu/libnsl-2.23.so
7fd45fdf5000-7fd45fdf7000 rw-p 00000000 00:00 0 
7fd45fdf7000-7fd45fdff000 r-xp 00000000 08:07 5516111                    /lib/x86_64-linux-gnu/libnss_compat-2.23.so
7fd45fdff000-7fd45fffe000 ---p 00008000 08:07 5516111                    /lib/x86_64-linux-gnu/libnss_compat-2.23.so
7fd45fffe000-7fd45ffff000 r--p 00007000 08:07 5516111                    /lib/x86_64-linux-gnu/libnss_compat-2.23.so
7fd45ffff000-7fd460000000 rw-p 00008000 08:07 5516111                    /lib/x86_64-linux-gnu/libnss_compat-2.23.so
7fd460000000-7fd460f73000 rw-p 00000000 00:00 0 
7fd460f73000-7fd464000000 ---p 00000000 00:00 0 
7fd464000000-7fd464001000 r--s 00000000 08:07 1314713                    /home/nikita/.gradle/caches/modules-2/files-2.1/org.springframework.boot/spring-boot-starter-jdbc/2.0.1.RELEASE/a22a7ac74388118938bfcd894318cd0c5a7c380b/spring-boot-starter-jdbc-2.0.1.RELEASE.jar
7fd464001000-7fd464002000 r--s 00000000 08:07 1314764                    /home/nikita/.gradle/caches/modules-2/files-2.1/org.springframework.boot/spring-boot-starter-aop/2.0.1.RELEASE/c7f7b5b5e63edca2fb04899d13d8bad83377b4b3/spring-boot-starter-aop-2.0.1.RELEASE.jar
7fd464002000-7fd464004000 r--s 00008000 08:07 1315006                    /home/nikita/.gradle/caches/modules-2/files-2.1/org.springframework.security/spring-security-jwt/1.0.9.RELEASE/3b060c3c397a7638b07c2a4850e03affd335097f/spring-security-jwt-1.0.9.RELEASE.jar
7fd464004000-7fd464009000 r--s 002f9000 08:07 1871348                    /usr/lib/jvm/java-8-oracle/jre/lib/charsets.jar
7fd464009000-7fd464039000 rw-p 00000000 00:00 0 
7fd464039000-7fd464169000 ---p 00000000 00:00 0 
7fd464169000-7fd464195000 r-xp 00000000 08:07 1871878                    /usr/lib/jvm/java-8-oracle/jre/lib/amd64/libjava.so
7fd464195000-7fd464395000 ---p 0002c000 08:07 1871878                    /usr/lib/jvm/java-8-oracle/jre/lib/amd64/libjava.so
7fd464395000-7fd464396000 r--p 0002c000 08:07 1871878                    /usr/lib/jvm/java-8-oracle/jre/lib/amd64/libjava.so
7fd464396000-7fd464398000 rw-p 0002d000 08:07 1871878                    /usr/lib/jvm/java-8-oracle/jre/lib/amd64/libjava.so
7fd464398000-7fd4643a5000 r-xp 00000000 08:07 1871883                    /usr/lib/jvm/java-8-oracle/jre/lib/amd64/libverify.so
7fd4643a5000-7fd4645a4000 ---p 0000d000 08:07 1871883                    /usr/lib/jvm/java-8-oracle/jre/lib/amd64/libverify.so
7fd4645a4000-7fd4645a6000 r--p 0000c000 08:07 1871883                    /usr/lib/jvm/java-8-oracle/jre/lib/amd64/libverify.so
7fd4645a6000-7fd4645a7000 rw-p 0000e000 08:07 1871883                    /usr/lib/jvm/java-8-oracle/jre/lib/amd64/libverify.so
7fd4645a7000-7fd4645ae000 r-xp 00000000 08:07 5516137                    /lib/x86_64-linux-gnu/librt-2.23.so
7fd4645ae000-7fd4647ad000 ---p 00007000 08:07 5516137                    /lib/x86_64-linux-gnu/librt-2.23.so
7fd4647ad000-7fd4647ae000 r--p 00006000 08:07 5516137                    /lib/x86_64-linux-gnu/librt-2.23.so
7fd4647ae000-7fd4647af000 rw-p 00007000 08:07 5516137                    /lib/x86_64-linux-gnu/librt-2.23.so
7fd4647af000-7fd4648b7000 r-xp 00000000 08:07 5516099                    /lib/x86_64-linux-gnu/libm-2.23.so
7fd4648b7000-7fd464ab6000 ---p 00108000 08:07 5516099                    /lib/x86_64-linux-gnu/libm-2.23.so
7fd464ab6000-7fd464ab7000 r--p 00107000 08:07 5516099                    /lib/x86_64-linux-gnu/libm-2.23.so
7fd464ab7000-7fd464ab8000 rw-p 00108000 08:07 5516099                    /lib/x86_64-linux-gnu/libm-2.23.so
7fd464ab8000-7fd4657a0000 r-xp 00000000 08:07 1871904                    /usr/lib/jvm/java-8-oracle/jre/lib/amd64/server/libjvm.so
7fd4657a0000-7fd46599f000 ---p 00ce8000 08:07 1871904                    /usr/lib/jvm/java-8-oracle/jre/lib/amd64/server/libjvm.so
7fd46599f000-7fd465a35000 r--p 00ce7000 08:07 1871904                    /usr/lib/jvm/java-8-oracle/jre/lib/amd64/server/libjvm.so
7fd465a35000-7fd465a66000 rw-p 00d7d000 08:07 1871904                    /usr/lib/jvm/java-8-oracle/jre/lib/amd64/server/libjvm.so
7fd465a66000-7fd465aa1000 rw-p 00000000 00:00 0 
7fd465aa1000-7fd465c61000 r-xp 00000000 08:07 5516103                    /lib/x86_64-linux-gnu/libc-2.23.so
7fd465c61000-7fd465e61000 ---p 001c0000 08:07 5516103                    /lib/x86_64-linux-gnu/libc-2.23.so
7fd465e61000-7fd465e65000 r--p 001c0000 08:07 5516103                    /lib/x86_64-linux-gnu/libc-2.23.so
7fd465e65000-7fd465e67000 rw-p 001c4000 08:07 5516103                    /lib/x86_64-linux-gnu/libc-2.23.so
7fd465e67000-7fd465e6b000 rw-p 00000000 00:00 0 
7fd465e6b000-7fd465e6e000 r-xp 00000000 08:07 5516105                    /lib/x86_64-linux-gnu/libdl-2.23.so
7fd465e6e000-7fd46606d000 ---p 00003000 08:07 5516105                    /lib/x86_64-linux-gnu/libdl-2.23.so
7fd46606d000-7fd46606e000 r--p 00002000 08:07 5516105                    /lib/x86_64-linux-gnu/libdl-2.23.so
7fd46606e000-7fd46606f000 rw-p 00003000 08:07 5516105                    /lib/x86_64-linux-gnu/libdl-2.23.so
7fd46606f000-7fd466086000 r-xp 00000000 08:07 1871296                    /usr/lib/jvm/java-8-oracle/lib/amd64/jli/libjli.so
7fd466086000-7fd466285000 ---p 00017000 08:07 1871296                    /usr/lib/jvm/java-8-oracle/lib/amd64/jli/libjli.so
7fd466285000-7fd466286000 r--p 00016000 08:07 1871296                    /usr/lib/jvm/java-8-oracle/lib/amd64/jli/libjli.so
7fd466286000-7fd466287000 rw-p 00017000 08:07 1871296                    /usr/lib/jvm/java-8-oracle/lib/amd64/jli/libjli.so
7fd466287000-7fd46629f000 r-xp 00000000 08:07 5516102                    /lib/x86_64-linux-gnu/libpthread-2.23.so
7fd46629f000-7fd46649e000 ---p 00018000 08:07 5516102                    /lib/x86_64-linux-gnu/libpthread-2.23.so
7fd46649e000-7fd46649f000 r--p 00017000 08:07 5516102                    /lib/x86_64-linux-gnu/libpthread-2.23.so
7fd46649f000-7fd4664a0000 rw-p 00018000 08:07 5516102                    /lib/x86_64-linux-gnu/libpthread-2.23.so
7fd4664a0000-7fd4664a4000 rw-p 00000000 00:00 0 
7fd4664a4000-7fd4664ca000 r-xp 00000000 08:07 5516101                    /lib/x86_64-linux-gnu/ld-2.23.so
7fd4664ca000-7fd4664cb000 r--s 00000000 08:07 1314710                    /home/nikita/.gradle/caches/modules-2/files-2.1/org.springframework.boot/spring-boot-starter-web/2.0.1.RELEASE/88751ed76791d12425ce5a80476baf1749a44cf4/spring-boot-starter-web-2.0.1.RELEASE.jar
7fd4664cb000-7fd46659d000 rw-p 00000000 00:00 0 
7fd46659d000-7fd4665a0000 ---p 00000000 00:00 0 
7fd4665a0000-7fd4666a3000 rw-p 00000000 00:00 0 
7fd4666a3000-7fd4666a4000 r--s 00003000 08:07 1315036                    /home/nikita/.gradle/caches/modules-2/files-2.1/com.auth0/jwks-rsa/0.8.0/6f30a06d663d968134ec7258dd95c91de751f6f5/jwks-rsa-0.8.0.jar
7fd4666a4000-7fd4666a5000 r--s 00000000 08:07 1314709                    /home/nikita/.gradle/caches/modules-2/files-2.1/org.springframework.boot/spring-boot-starter-data-jpa/2.0.1.RELEASE/b7c701f60073e2d2b8a8f5502dcc39d4f65f45ff/spring-boot-starter-data-jpa-2.0.1.RELEASE.jar
7fd4666a5000-7fd4666a8000 r--s 0001a000 08:07 1871361                    /usr/lib/jvm/java-8-oracle/jre/lib/jce.jar
7fd4666a8000-7fd4666ac000 r--s 000a1000 08:07 1871355                    /usr/lib/jvm/java-8-oracle/jre/lib/jsse.jar
7fd4666ac000-7fd4666bf000 rw-p 00000000 00:00 0 
7fd4666bf000-7fd4666c7000 rw-s 00000000 08:07 1487337                    /tmp/hsperfdata_nikita/16948
7fd4666c7000-7fd4666c8000 rw-p 00000000 00:00 0 
7fd4666c8000-7fd4666c9000 ---p 00000000 00:00 0 
7fd4666c9000-7fd4666ca000 r--p 00025000 08:07 5516101                    /lib/x86_64-linux-gnu/ld-2.23.so
7fd4666ca000-7fd4666cb000 rw-p 00026000 08:07 5516101                    /lib/x86_64-linux-gnu/ld-2.23.so
7fd4666cb000-7fd4666cc000 rw-p 00000000 00:00 0 
7ffd6b70f000-7ffd6b734000 rw-p 00000000 00:00 0                          [stack]
7ffd6b7c9000-7ffd6b7cc000 r--p 00000000 00:00 0                          [vvar]
7ffd6b7cc000-7ffd6b7ce000 r-xp 00000000 00:00 0                          [vdso]
ffffffffff600000-ffffffffff601000 r-xp 00000000 00:00 0                  [vsyscall]

VM Arguments:
jvm_args: -Dfile.encoding=UTF-8 
java_command: com.kpi.events.Application
java_class_path (initial): /usr/lib/jvm/java-8-oracle/jre/lib/resources.jar:/usr/lib/jvm/java-8-oracle/jre/lib/rt.jar:/usr/lib/jvm/java-8-oracle/jre/lib/jsse.jar:/usr/lib/jvm/java-8-oracle/jre/lib/jce.jar:/usr/lib/jvm/java-8-oracle/jre/lib/charsets.jar:/usr/lib/jvm/java-8-oracle/jre/lib/jfr.jar:/usr/lib/jvm/java-8-oracle/jre/lib/ext/jfxrt.jar:/usr/lib/jvm/java-8-oracle/jre/lib/ext/zipfs.jar:/usr/lib/jvm/java-8-oracle/jre/lib/ext/sunjce_provider.jar:/usr/lib/jvm/java-8-oracle/jre/lib/ext/cldrdata.jar:/usr/lib/jvm/java-8-oracle/jre/lib/ext/localedata.jar:/usr/lib/jvm/java-8-oracle/jre/lib/ext/dnsns.jar:/usr/lib/jvm/java-8-oracle/jre/lib/ext/sunec.jar:/usr/lib/jvm/java-8-oracle/jre/lib/ext/nashorn.jar:/usr/lib/jvm/java-8-oracle/jre/lib/ext/jaccess.jar:/usr/lib/jvm/java-8-oracle/jre/lib/ext/sunpkcs11.jar:/home/nikita/eclipse-workspace-laba2/ProjectKPI/events-core/events-core/bin/main:/home/nikita/.gradle/caches/modules-2/files-2.1/org.springframework.boot/spring-boot-starter-data-jpa/2.0.1.RELEASE/b7c701f60073e2d2b8a8f5502dcc39d4f65f45ff/spring-boot-starter-data-jpa-2.0.1.RELEASE.jar:/home/nikita/.gradle/caches/modules-2/files-2.1/mysql/mysql-connector-java/8.0.13/28015319e44ff50a8fee655e725fefc4990abeb1/mysql-connector-java-8.0.13.jar:/home/nikita/.gradle/caches/modules-2/files-2.1/com.h2database/h2/1.4.197/bb391050048ca8ae3e32451b5a3714ecd3596a46/h2-1.4.197.jar:/home/nikita/.gradle/caches/modules-2/files-2.1/com.auth0/jwks-rsa/0.8.0/6f30a06d663d968134ec7258dd95c91de751f6f5/jwks-rsa-0.8.0.jar:/home/nikita/.gradle/caches/modules-2/files-2.1/org.springframework.security/spring-security-jwt/1.0.9.RELEASE/3b060c3c397a7638b07c2a4850e03affd335097f/spring-security-jwt-1.0.9.RELEASE.jar:/home/nikita/.gradle/caches/modules-2/files-2.1/org.springframework.security.oauth/spring-security-oauth2/2.3.4.RELEASE/8637380e2f09739dd8ab3484031723446cace6f1/spring-security-oauth2-2.3.4.RELEASE.jar:/home/nikita/.gradle/caches/modules-2/files-2.1/org.springframework.security/spring-securit
Launcher Type: SUN_STANDARD

Environment Variables:
JAVA_HOME=/usr/lib/jvm/java-8-oracle
PATH=/home/nikita/bin:/home/nikita/.local/bin:/usr/local/sbin:/usr/local/bin:/usr/sbin:/usr/bin:/sbin:/bin:/usr/games:/usr/local/games:/snap/bin:/usr/lib/jvm/java-8-oracle/bin:/usr/lib/jvm/java-8-oracle/db/bin:/usr/lib/jvm/java-8-oracle/jre/bin:/home/nikita/.rvm/bin
SHELL=/bin/bash
DISPLAY=:0

Signal Handlers:
SIGSEGV: [libjvm.so+0xad3e60], sa_mask[0]=11111111011111111101111111111110, sa_flags=SA_RESTART|SA_SIGINFO
SIGBUS: [libjvm.so+0xad3e60], sa_mask[0]=11111111011111111101111111111110, sa_flags=SA_RESTART|SA_SIGINFO
SIGFPE: [libjvm.so+0x90b880], sa_mask[0]=11111111011111111101111111111110, sa_flags=SA_RESTART|SA_SIGINFO
SIGPIPE: [libjvm.so+0x90b880], sa_mask[0]=11111111011111111101111111111110, sa_flags=SA_RESTART|SA_SIGINFO
SIGXFSZ: [libjvm.so+0x90b880], sa_mask[0]=11111111011111111101111111111110, sa_flags=SA_RESTART|SA_SIGINFO
SIGILL: [libjvm.so+0x90b880], sa_mask[0]=11111111011111111101111111111110, sa_flags=SA_RESTART|SA_SIGINFO
SIGUSR1: SIG_DFL, sa_mask[0]=00000000000000000000000000000000, sa_flags=none
SIGUSR2: [libjvm.so+0x90b750], sa_mask[0]=00100000000000000000000000000000, sa_flags=SA_RESTART|SA_SIGINFO
SIGHUP: [libjvm.so+0x90bd70], sa_mask[0]=11111111011111111101111111111110, sa_flags=SA_RESTART|SA_SIGINFO
SIGINT: [libjvm.so+0x90bd70], sa_mask[0]=11111111011111111101111111111110, sa_flags=SA_RESTART|SA_SIGINFO
SIGTERM: [libjvm.so+0x90bd70], sa_mask[0]=11111111011111111101111111111110, sa_flags=SA_RESTART|SA_SIGINFO
SIGQUIT: [libjvm.so+0x90bd70], sa_mask[0]=11111111011111111101111111111110, sa_flags=SA_RESTART|SA_SIGINFO


---------------  S Y S T E M  ---------------

OS:DISTRIB_ID=Ubuntu
DISTRIB_RELEASE=16.04
DISTRIB_CODENAME=xenial
DISTRIB_DESCRIPTION="Ubuntu 16.04.4 LTS"

uname:Linux 4.15.0-47-lowlatency #50~16.04.1-Ubuntu SMP PREEMPT Fri Mar 15 17:23:09 UTC 2019 x86_64
libc:glibc 2.23 NPTL 2.23 
rlimit: STACK 8192k, CORE 0k, NPROC 14228, NOFILE 1048576, AS infinity
load average:8,24 3,22 1,70

/proc/meminfo:
MemTotal:        3912780 kB
MemFree:           85064 kB
MemAvailable:       1224 kB
Buffers:            1452 kB
Cached:           259220 kB
SwapCached:         3504 kB
Active:          2999032 kB
Inactive:         612820 kB
Active(anon):    2986708 kB
Inactive(anon):   597496 kB
Active(file):      12324 kB
Inactive(file):    15324 kB
Unevictable:          64 kB
Mlocked:              64 kB
SwapTotal:       1998844 kB
SwapFree:              0 kB
Dirty:               104 kB
Writeback:            80 kB
AnonPages:       3348160 kB
Mapped:           161304 kB
Shmem:            232680 kB
Slab:              95324 kB
SReclaimable:      40716 kB
SUnreclaim:        54608 kB
KernelStack:       15440 kB
PageTables:        58928 kB
NFS_Unstable:          0 kB
Bounce:                0 kB
WritebackTmp:          0 kB
CommitLimit:     3955232 kB
Committed_AS:   10966844 kB
VmallocTotal:   34359738367 kB
VmallocUsed:           0 kB
VmallocChunk:          0 kB
HardwareCorrupted:     0 kB
AnonHugePages:         0 kB
ShmemHugePages:        0 kB
ShmemPmdMapped:        0 kB
CmaTotal:              0 kB
CmaFree:               0 kB
HugePages_Total:       0
HugePages_Free:        0
HugePages_Rsvd:        0
HugePages_Surp:        0
Hugepagesize:       2048 kB
DirectMap4k:      152888 kB
DirectMap2M:     3915776 kB
DirectMap1G:           0 kB

container (cgroup) information:
container_type: cgroupv1
cpu_cpuset_cpus: 0-3
cpu_memory_nodes: 0
active_processor_count: 4
cpu_quota: -1
cpu_period: 100000
cpu_shares: -1
memory_limit_in_bytes: -1
memory_and_swap_limit_in_bytes: -2
memory_soft_limit_in_bytes: -1
memory_usage_in_bytes: 3697344512
memory_max_usage_in_bytes: 9637888


CPU:total 4 (initial active 4) (2 cores per cpu, 2 threads per core) family 6 model 69 stepping 1, cmov, cx8, fxsr, mmx, sse, sse2, sse3, ssse3, sse4.1, sse4.2, popcnt, avx, avx2, aes, clmul, erms, lzcnt, ht, tsc, tscinvbit, bmi1, bmi2

/proc/cpuinfo:
processor	: 0
vendor_id	: GenuineIntel
cpu family	: 6
model		: 69
model name	: Intel(R) Core(TM) i5-4200U CPU @ 1.60GHz
stepping	: 1
microcode	: 0x24
cpu MHz		: 1299.609
cache size	: 3072 KB
physical id	: 0
siblings	: 4
core id		: 0
cpu cores	: 2
apicid		: 0
initial apicid	: 0
fpu		: yes
fpu_exception	: yes
cpuid level	: 13
wp		: yes
flags		: fpu vme de pse tsc msr pae mce cx8 apic sep mtrr pge mca cmov pat pse36 clflush dts acpi mmx fxsr sse sse2 ss ht tm pbe syscall nx pdpe1gb rdtscp lm constant_tsc arch_perfmon pebs bts rep_good nopl xtopology nonstop_tsc cpuid aperfmperf pni pclmulqdq dtes64 monitor ds_cpl vmx est tm2 ssse3 sdbg fma cx16 xtpr pdcm pcid sse4_1 sse4_2 movbe popcnt tsc_deadline_timer aes xsave avx f16c rdrand lahf_lm abm cpuid_fault epb invpcid_single pti ssbd ibrs ibpb stibp tpr_shadow vnmi flexpriority ept vpid fsgsbase tsc_adjust bmi1 avx2 smep bmi2 erms invpcid xsaveopt dtherm ida arat pln pts flush_l1d
bugs		: cpu_meltdown spectre_v1 spectre_v2 spec_store_bypass l1tf
bogomips	: 4589.06
clflush size	: 64
cache_alignment	: 64
address sizes	: 39 bits physical, 48 bits virtual
power management:

processor	: 1
vendor_id	: GenuineIntel
cpu family	: 6
model		: 69
model name	: Intel(R) Core(TM) i5-4200U CPU @ 1.60GHz
stepping	: 1
microcode	: 0x24
cpu MHz		: 1292.727
cache size	: 3072 KB
physical id	: 0
siblings	: 4
core id		: 0
cpu cores	: 2
apicid		: 1
initial apicid	: 1
fpu		: yes
fpu_exception	: yes
cpuid level	: 13
wp		: yes
flags		: fpu vme de pse tsc msr pae mce cx8 apic sep mtrr pge mca cmov pat pse36 clflush dts acpi mmx fxsr sse sse2 ss ht tm pbe syscall nx pdpe1gb rdtscp lm constant_tsc arch_perfmon pebs bts rep_good nopl xtopology nonstop_tsc cpuid aperfmperf pni pclmulqdq dtes64 monitor ds_cpl vmx est tm2 ssse3 sdbg fma cx16 xtpr pdcm pcid sse4_1 sse4_2 movbe popcnt tsc_deadline_timer aes xsave avx f16c rdrand lahf_lm abm cpuid_fault epb invpcid_single pti ssbd ibrs ibpb stibp tpr_shadow vnmi flexpriority ept vpid fsgsbase tsc_adjust bmi1 avx2 smep bmi2 erms invpcid xsaveopt dtherm ida arat pln pts flush_l1d
bugs		: cpu_meltdown spectre_v1 spectre_v2 spec_store_bypass l1tf
bogomips	: 4589.06
clflush size	: 64
cache_alignment	: 64
address sizes	: 39 bits physical, 48 bits virtual
power management:

processor	: 2
vendor_id	: GenuineIntel
cpu family	: 6
model		: 69
model name	: Intel(R) Core(TM) i5-4200U CPU @ 1.60GHz
stepping	: 1
microcode	: 0x24
cpu MHz		: 1466.996
cache size	: 3072 KB
physical id	: 0
siblings	: 4
core id		: 1
cpu cores	: 2
apicid		: 2
initial apicid	: 2
fpu		: yes
fpu_exception	: yes
cpuid level	: 13
wp		: yes
flags		: fpu vme de pse tsc msr pae mce cx8 apic sep mtrr pge mca cmov pat pse36 clflush dts acpi mmx fxsr sse sse2 ss ht tm pbe syscall nx pdpe1gb rdtscp lm constant_tsc arch_perfmon pebs bts rep_good nopl xtopology nonstop_tsc cpuid aperfmperf pni pclmulqdq dtes64 monitor ds_cpl vmx est tm2 ssse3 sdbg fma cx16 xtpr pdcm pcid sse4_1 sse4_2 movbe popcnt tsc_deadline_timer aes xsave avx f16c rdrand lahf_lm abm cpuid_fault epb invpcid_single pti ssbd ibrs ibpb stibp tpr_shadow vnmi flexpriority ept vpid fsgsbase tsc_adjust bmi1 avx2 smep bmi2 erms invpcid xsaveopt dtherm ida arat pln pts flush_l1d
bugs		: cpu_meltdown spectre_v1 spectre_v2 spec_store_bypass l1tf
bogomips	: 4589.06
clflush size	: 64
cache_alignment	: 64
address sizes	: 39 bits physical, 48 bits virtual
power management:

processor	: 3
vendor_id	: GenuineIntel
cpu family	: 6
model		: 69
model name	: Intel(R) Core(TM) i5-4200U CPU @ 1.60GHz
stepping	: 1
microcode	: 0x24
cpu MHz		: 1381.924
cache size	: 3072 KB
physical id	: 0
siblings	: 4
core id		: 1
cpu cores	: 2
apicid		: 3
initial apicid	: 3
fpu		: yes
fpu_exception	: yes
cpuid level	: 13
wp		: yes
flags		: fpu vme de pse tsc msr pae mce cx8 apic sep mtrr pge mca cmov pat pse36 clflush dts acpi mmx fxsr sse sse2 ss ht tm pbe syscall nx pdpe1gb rdtscp lm constant_tsc arch_perfmon pebs bts rep_good nopl xtopology nonstop_tsc cpuid aperfmperf pni pclmulqdq dtes64 monitor ds_cpl vmx est tm2 ssse3 sdbg fma cx16 xtpr pdcm pcid sse4_1 sse4_2 movbe popcnt tsc_deadline_timer aes xsave avx f16c rdrand lahf_lm abm cpuid_fault epb invpcid_single pti ssbd ibrs ibpb stibp tpr_shadow vnmi flexpriority ept vpid fsgsbase tsc_adjust bmi1 avx2 smep bmi2 erms invpcid xsaveopt dtherm ida arat pln pts flush_l1d
bugs		: cpu_meltdown spectre_v1 spectre_v2 spec_store_bypass l1tf
bogomips	: 4589.06
clflush size	: 64
cache_alignment	: 64
address sizes	: 39 bits physical, 48 bits virtual
power management:



Memory: 4k page, physical 3912780k(84116k free), swap 1998844k(0k free)

vm_info: Java HotSpot(TM) 64-Bit Server VM (25.201-b09) for linux-amd64 JRE (1.8.0_201-b09), built on Dec 15 2018 11:35:59 by "java_re" with gcc 7.3.0

time: Sun Apr 14 21:12:53 2019
timezone: EEST
elapsed time: 23 seconds (0d 0h 0m 23s)

