#
# There is insufficient memory for the Java Runtime Environment to continue.
# Native memory allocation (mmap) failed to map 68157440 bytes for committing reserved memory.
# Possible reasons:
#   The system is out of physical RAM or swap space
#   The process is running with CompressedOops enabled, and the Java Heap may be blocking the growth of the native heap
# Possible solutions:
#   Reduce memory load on the system
#   Increase physical memory or swap space
#   Check if swap backing store is full
#   Decrease Java heap size (-Xmx/-Xms)
#   Decrease number of Java threads
#   Decrease Java thread stack sizes (-Xss)
#   Set larger code cache with -XX:ReservedCodeCacheSize=
#   JVM is running with Unscaled Compressed Oops mode in which the Java heap is
#     placed in the first 4GB address space. The Java Heap base address is the
#     maximum limit for the native heap growth. Please use -XX:HeapBaseMinAddress
#     to set the Java Heap base and to place the Java Heap above 4GB virtual address.
# This output file may be truncated or incomplete.
#
#  Out of Memory Error (os_linux.cpp:2749), pid=15260, tid=0x00007f6a88eb1700
#
# JRE version: Java(TM) SE Runtime Environment (8.0_201-b09) (build 1.8.0_201-b09)
# Java VM: Java HotSpot(TM) 64-Bit Server VM (25.201-b09 mixed mode linux-amd64 compressed oops)
# Failed to write core dump. Core dumps have been disabled. To enable core dumping, try "ulimit -c unlimited" before starting Java again
#

---------------  T H R E A D  ---------------

Current thread (0x00007f6aa807f800):  VMThread [stack: 0x00007f6a88db1000,0x00007f6a88eb2000] [id=15271]

Stack: [0x00007f6a88db1000,0x00007f6a88eb2000],  sp=0x00007f6a88eb0450,  free space=1021k
Native frames: (J=compiled Java code, j=interpreted, Vv=VM code, C=native code)
V  [libjvm.so+0xad3525]  VMError::report_and_die()+0x2e5
V  [libjvm.so+0x4e0457]  report_vm_out_of_memory(char const*, int, unsigned long, VMErrorType, char const*)+0x67
V  [libjvm.so+0x9102f0]  os::pd_commit_memory(char*, unsigned long, unsigned long, bool)+0x100
V  [libjvm.so+0x90791f]  os::commit_memory(char*, unsigned long, unsigned long, bool)+0x1f
V  [libjvm.so+0x98c806]  PSVirtualSpace::expand_by(unsigned long)+0x56
V  [libjvm.so+0x98da98]  PSYoungGen::resize(unsigned long, unsigned long)+0xd8
V  [libjvm.so+0x98a236]  PSScavenge::invoke_no_policy()+0x1376
V  [libjvm.so+0x98a5cc]  PSScavenge::invoke()+0x4c
V  [libjvm.so+0x93a318]  ParallelScavengeHeap::failed_mem_allocate(unsigned long)+0x68
V  [libjvm.so+0xad5073]  VM_ParallelGCFailedAllocation::doit()+0x93
V  [libjvm.so+0xada296]  VM_Operation::evaluate()+0x46
V  [libjvm.so+0xad85cd]  VMThread::evaluate_operation(VM_Operation*) [clone .constprop.44]+0xcd
V  [libjvm.so+0xad8bb3]  VMThread::loop()+0x3a3
V  [libjvm.so+0xad8f88]  VMThread::run()+0x78
V  [libjvm.so+0x90d922]  java_start(Thread*)+0x102

VM_Operation (0x00007f6aaf30a8c0): ParallelGCFailedAllocation, mode: safepoint, requested by thread 0x00007f6aa8011800


---------------  P R O C E S S  ---------------

Java Threads: ( => current thread )
  0x00007f6aa80d1000 JavaThread "Service Thread" daemon [_thread_blocked, id=15278, stack(0x00007f6a8825b000,0x00007f6a8835c000)]
  0x00007f6aa80c6000 JavaThread "C1 CompilerThread2" daemon [_thread_blocked, id=15277, stack(0x00007f6a8835c000,0x00007f6a8845d000)]
  0x00007f6aa80c4000 JavaThread "C2 CompilerThread1" daemon [_thread_blocked, id=15276, stack(0x00007f6a8845d000,0x00007f6a8855e000)]
  0x00007f6aa80c1000 JavaThread "C2 CompilerThread0" daemon [_thread_blocked, id=15275, stack(0x00007f6a8855e000,0x00007f6a8865f000)]
  0x00007f6aa80bf800 JavaThread "Signal Dispatcher" daemon [_thread_blocked, id=15274, stack(0x00007f6a8865f000,0x00007f6a88760000)]
  0x00007f6aa808b800 JavaThread "Finalizer" daemon [_thread_blocked, id=15273, stack(0x00007f6a88baf000,0x00007f6a88cb0000)]
  0x00007f6aa8089000 JavaThread "Reference Handler" daemon [_thread_blocked, id=15272, stack(0x00007f6a88cb0000,0x00007f6a88db1000)]
  0x00007f6aa8011800 JavaThread "main" [_thread_blocked, id=15266, stack(0x00007f6aaf20d000,0x00007f6aaf30e000)]

Other Threads:
=>0x00007f6aa807f800 VMThread [stack: 0x00007f6a88db1000,0x00007f6a88eb2000] [id=15271]
  0x00007f6aa80d4000 WatcherThread [stack: 0x00007f6a8815a000,0x00007f6a8825b000] [id=15279]

VM state:at safepoint (normal execution)

VM Mutex/Monitor currently owned by a thread:  ([mutex/lock_event])
[0x00007f6aa800da50] Threads_lock - owner thread: 0x00007f6aa807f800
[0x00007f6aa800df50] Heap_lock - owner thread: 0x00007f6aa8011800

heap address: 0x00000000c4400000, size: 956 MB, Compressed Oops mode: 32-bit
Narrow klass base: 0x0000000000000000, Narrow klass shift: 3
Compressed class space size: 1073741824 Address: 0x0000000100000000

Heap:
 PSYoungGen      total 121344K, used 7145K [0x00000000ec180000, 0x00000000f4280000, 0x0000000100000000)
  eden space 114176K, 0% used [0x00000000ec180000,0x00000000ec180000,0x00000000f3100000)
  from space 7168K, 99% used [0x00000000f3480000,0x00000000f3b7a4c0,0x00000000f3b80000)
  to   space 5120K, 0% used [0x00000000f3d80000,0x00000000f3d80000,0x00000000f4280000)
 ParOldGen       total 25600K, used 14278K [0x00000000c4400000, 0x00000000c5d00000, 0x00000000ec180000)
  object space 25600K, 55% used [0x00000000c4400000,0x00000000c51f18f0,0x00000000c5d00000)
 Metaspace       used 30711K, capacity 32102K, committed 32176K, reserved 1077248K
  class space    used 4004K, capacity 4256K, committed 4272K, reserved 1048576K

Card table byte_map: [0x00007f6aac1a3000,0x00007f6aac382000] byte_map_base: 0x00007f6aabb81000

Marking Bits: (ParMarkBitMap*) 0x00007f6aae6f8d80
 Begin Bits: [0x00007f6a8a220000, 0x00007f6a8b110000)
 End Bits:   [0x00007f6a8b110000, 0x00007f6a8c000000)

Polling page: 0x00007f6aaf338000

CodeCache: size=245760Kb used=11002Kb max_used=11407Kb free=234757Kb
 bounds [0x00007f6a99000000, 0x00007f6a99b30000, 0x00007f6aa8000000]
 total_blobs=3410 nmethods=3013 adapters=307
 compilation: enabled

Compilation events (10 events):
Event: 11,742 Thread 0x00007f6aa80c6000 3163       3       java.util.HashSet::<init> (17 bytes)
Event: 11,742 Thread 0x00007f6aa80c6000 nmethod 3163 0x00007f6a991c7ad0 code [0x00007f6a991c7c80, 0x00007f6a991c8008]
Event: 11,743 Thread 0x00007f6aa80c1000 nmethod 3153 0x00007f6a99113e50 code [0x00007f6a99113fe0, 0x00007f6a991144f8]
Event: 11,743 Thread 0x00007f6aa80c1000 3164   !   4       org.apache.tomcat.util.IntrospectionUtils::setProperty (884 bytes)
Event: 11,757 Thread 0x00007f6aa80c4000 nmethod 3160 0x00007f6a9915f190 code [0x00007f6a9915f360, 0x00007f6a9915fcf8]
Event: 11,757 Thread 0x00007f6aa80c4000 3161       4       java.util.HashMap::<init> (8 bytes)
Event: 11,759 Thread 0x00007f6aa80c4000 nmethod 3161 0x00007f6a9911f310 code [0x00007f6a9911f460, 0x00007f6a9911f558]
Event: 12,168 Thread 0x00007f6aa80c4000 3165       4       java.util.Properties::loadConvert (505 bytes)
Event: 13,366 Thread 0x00007f6aa80c6000 3166   !   3       java.util.logging.LogManager::ensureLogManagerInitialized (128 bytes)
Event: 13,401 Thread 0x00007f6aa80c6000 nmethod 3166 0x00007f6a9912f810 code [0x00007f6a9912f9c0, 0x00007f6a99130048]

GC Heap History (10 events):
Event: 3,924 GC heap after
Heap after GC invocations=5 (full 0):
 PSYoungGen      total 33280K, used 2540K [0x00000000ec180000, 0x00000000f0980000, 0x0000000100000000)
  eden space 30720K, 0% used [0x00000000ec180000,0x00000000ec180000,0x00000000edf80000)
  from space 2560K, 99% used [0x00000000edf80000,0x00000000ee1fb328,0x00000000ee200000)
  to   space 6144K, 0% used [0x00000000f0380000,0x00000000f0380000,0x00000000f0980000)
 ParOldGen       total 40960K, used 6042K [0x00000000c4400000, 0x00000000c6c00000, 0x00000000ec180000)
  object space 40960K, 14% used [0x00000000c4400000,0x00000000c49e6808,0x00000000c6c00000)
 Metaspace       used 14931K, capacity 15408K, committed 15488K, reserved 1062912K
  class space    used 1970K, capacity 2121K, committed 2176K, reserved 1048576K
}
Event: 4,314 GC heap before
{Heap before GC invocations=6 (full 0):
 PSYoungGen      total 33280K, used 33260K [0x00000000ec180000, 0x00000000f0980000, 0x0000000100000000)
  eden space 30720K, 100% used [0x00000000ec180000,0x00000000edf80000,0x00000000edf80000)
  from space 2560K, 99% used [0x00000000edf80000,0x00000000ee1fb328,0x00000000ee200000)
  to   space 6144K, 0% used [0x00000000f0380000,0x00000000f0380000,0x00000000f0980000)
 ParOldGen       total 40960K, used 6042K [0x00000000c4400000, 0x00000000c6c00000, 0x00000000ec180000)
  object space 40960K, 14% used [0x00000000c4400000,0x00000000c49e6808,0x00000000c6c00000)
 Metaspace       used 19430K, capacity 19928K, committed 20352K, reserved 1067008K
  class space    used 2468K, capacity 2595K, committed 2688K, reserved 1048576K
Event: 4,322 GC heap after
Heap after GC invocations=6 (full 0):
 PSYoungGen      total 66048K, used 6132K [0x00000000ec180000, 0x00000000f0c80000, 0x0000000100000000)
  eden space 59904K, 0% used [0x00000000ec180000,0x00000000ec180000,0x00000000efc00000)
  from space 6144K, 99% used [0x00000000f0380000,0x00000000f097d380,0x00000000f0980000)
  to   space 7680K, 0% used [0x00000000efc00000,0x00000000efc00000,0x00000000f0380000)
 ParOldGen       total 40960K, used 7177K [0x00000000c4400000, 0x00000000c6c00000, 0x00000000ec180000)
  object space 40960K, 17% used [0x00000000c4400000,0x00000000c4b02568,0x00000000c6c00000)
 Metaspace       used 19430K, capacity 19928K, committed 20352K, reserved 1067008K
  class space    used 2468K, capacity 2595K, committed 2688K, reserved 1048576K
}
Event: 4,471 GC heap before
{Heap before GC invocations=7 (full 0):
 PSYoungGen      total 66048K, used 22736K [0x00000000ec180000, 0x00000000f0c80000, 0x0000000100000000)
  eden space 59904K, 27% used [0x00000000ec180000,0x00000000ed1b6fe8,0x00000000efc00000)
  from space 6144K, 99% used [0x00000000f0380000,0x00000000f097d380,0x00000000f0980000)
  to   space 7680K, 0% used [0x00000000efc00000,0x00000000efc00000,0x00000000f0380000)
 ParOldGen       total 40960K, used 7177K [0x00000000c4400000, 0x00000000c6c00000, 0x00000000ec180000)
  object space 40960K, 17% used [0x00000000c4400000,0x00000000c4b02568,0x00000000c6c00000)
 Metaspace       used 20639K, capacity 21172K, committed 21296K, reserved 1067008K
  class space    used 2659K, capacity 2845K, committed 2864K, reserved 1048576K
Event: 4,478 GC heap after
Heap after GC invocations=7 (full 0):
 PSYoungGen      total 67584K, used 3893K [0x00000000ec180000, 0x00000000f4480000, 0x0000000100000000)
  eden space 59904K, 0% used [0x00000000ec180000,0x00000000ec180000,0x00000000efc00000)
  from space 7680K, 50% used [0x00000000efc00000,0x00000000effcd4f0,0x00000000f0380000)
  to   space 7168K, 0% used [0x00000000f3d80000,0x00000000f3d80000,0x00000000f4480000)
 ParOldGen       total 40960K, used 8277K [0x00000000c4400000, 0x00000000c6c00000, 0x00000000ec180000)
  object space 40960K, 20% used [0x00000000c4400000,0x00000000c4c15570,0x00000000c6c00000)
 Metaspace       used 20639K, capacity 21172K, committed 21296K, reserved 1067008K
  class space    used 2659K, capacity 2845K, committed 2864K, reserved 1048576K
}
Event: 4,478 GC heap before
{Heap before GC invocations=8 (full 1):
 PSYoungGen      total 67584K, used 3893K [0x00000000ec180000, 0x00000000f4480000, 0x0000000100000000)
  eden space 59904K, 0% used [0x00000000ec180000,0x00000000ec180000,0x00000000efc00000)
  from space 7680K, 50% used [0x00000000efc00000,0x00000000effcd4f0,0x00000000f0380000)
  to   space 7168K, 0% used [0x00000000f3d80000,0x00000000f3d80000,0x00000000f4480000)
 ParOldGen       total 40960K, used 8277K [0x00000000c4400000, 0x00000000c6c00000, 0x00000000ec180000)
  object space 40960K, 20% used [0x00000000c4400000,0x00000000c4c15570,0x00000000c6c00000)
 Metaspace       used 20639K, capacity 21172K, committed 21296K, reserved 1067008K
  class space    used 2659K, capacity 2845K, committed 2864K, reserved 1048576K
Event: 4,520 GC heap after
Heap after GC invocations=8 (full 1):
 PSYoungGen      total 67584K, used 0K [0x00000000ec180000, 0x00000000f4480000, 0x0000000100000000)
  eden space 59904K, 0% used [0x00000000ec180000,0x00000000ec180000,0x00000000efc00000)
  from space 7680K, 0% used [0x00000000efc00000,0x00000000efc00000,0x00000000f0380000)
  to   space 7168K, 0% used [0x00000000f3d80000,0x00000000f3d80000,0x00000000f4480000)
 ParOldGen       total 25600K, used 5923K [0x00000000c4400000, 0x00000000c5d00000, 0x00000000ec180000)
  object space 25600K, 23% used [0x00000000c4400000,0x00000000c49c8cf0,0x00000000c5d00000)
 Metaspace       used 20639K, capacity 21172K, committed 21296K, reserved 1067008K
  class space    used 2659K, capacity 2845K, committed 2864K, reserved 1048576K
}
Event: 5,178 GC heap before
{Heap before GC invocations=9 (full 1):
 PSYoungGen      total 67584K, used 59904K [0x00000000ec180000, 0x00000000f4480000, 0x0000000100000000)
  eden space 59904K, 100% used [0x00000000ec180000,0x00000000efc00000,0x00000000efc00000)
  from space 7680K, 0% used [0x00000000efc00000,0x00000000efc00000,0x00000000f0380000)
  to   space 7168K, 0% used [0x00000000f3d80000,0x00000000f3d80000,0x00000000f4480000)
 ParOldGen       total 25600K, used 5923K [0x00000000c4400000, 0x00000000c5d00000, 0x00000000ec180000)
  object space 25600K, 23% used [0x00000000c4400000,0x00000000c49c8cf0,0x00000000c5d00000)
 Metaspace       used 23895K, capacity 24548K, committed 24752K, reserved 1071104K
  class space    used 3066K, capacity 3241K, committed 3248K, reserved 1048576K
Event: 5,187 GC heap after
Heap after GC invocations=9 (full 1):
 PSYoungGen      total 119296K, used 5015K [0x00000000ec180000, 0x00000000f4280000, 0x0000000100000000)
  eden space 114176K, 0% used [0x00000000ec180000,0x00000000ec180000,0x00000000f3100000)
  from space 5120K, 97% used [0x00000000f3d80000,0x00000000f4265f80,0x00000000f4280000)
  to   space 7168K, 0% used [0x00000000f3480000,0x00000000f3480000,0x00000000f3b80000)
 ParOldGen       total 25600K, used 5995K [0x00000000c4400000, 0x00000000c5d00000, 0x00000000ec180000)
  object space 25600K, 23% used [0x00000000c4400000,0x00000000c49dad00,0x00000000c5d00000)
 Metaspace       used 23895K, capacity 24548K, committed 24752K, reserved 1071104K
  class space    used 3066K, capacity 3241K, committed 3248K, reserved 1048576K
}
Event: 13,426 GC heap before
{Heap before GC invocations=10 (full 1):
 PSYoungGen      total 119296K, used 119191K [0x00000000ec180000, 0x00000000f4280000, 0x0000000100000000)
  eden space 114176K, 100% used [0x00000000ec180000,0x00000000f3100000,0x00000000f3100000)
  from space 5120K, 97% used [0x00000000f3d80000,0x00000000f4265f80,0x00000000f4280000)
  to   space 7168K, 0% used [0x00000000f3480000,0x00000000f3480000,0x00000000f3b80000)
 ParOldGen       total 25600K, used 5995K [0x00000000c4400000, 0x00000000c5d00000, 0x00000000ec180000)
  object space 25600K, 23% used [0x00000000c4400000,0x00000000c49dad00,0x00000000c5d00000)
 Metaspace       used 30711K, capacity 32102K, committed 32176K, reserved 1077248K
  class space    used 4004K, capacity 4256K, committed 4272K, reserved 1048576K

Deoptimization events (10 events):
Event: 7,070 Thread 0x00007f6aa8011800 Uncommon trap: reason=unstable_if action=reinterpret pc=0x00007f6a99926690 method=org.springframework.asm.Item.isEqualTo(Lorg/springframework/asm/Item;)Z @ 251
Event: 7,449 Thread 0x00007f6aa8011800 Uncommon trap: reason=unstable_if action=reinterpret pc=0x00007f6a996fcf2c method=java.lang.ThreadLocal$ThreadLocalMap.getEntry(Ljava/lang/ThreadLocal;)Ljava/lang/ThreadLocal$ThreadLocalMap$Entry; @ 29
Event: 10,283 Thread 0x00007f6aa8011800 Uncommon trap: reason=unstable_if action=reinterpret pc=0x00007f6a99a56ff4 method=java.util.WeakHashMap.remove(Ljava/lang/Object;)Ljava/lang/Object; @ 94
Event: 10,305 Thread 0x00007f6aa8011800 Uncommon trap: reason=unstable_if action=reinterpret pc=0x00007f6a9946d9a8 method=java.util.concurrent.ConcurrentHashMap.get(Ljava/lang/Object;)Ljava/lang/Object; @ 76
Event: 10,430 Thread 0x00007f6aa8011800 Uncommon trap: reason=class_check action=maybe_recompile pc=0x00007f6a99948da4 method=java.lang.reflect.Array.newInstance(Ljava/lang/Class;I)Ljava/lang/Object; @ 2
Event: 11,370 Thread 0x00007f6aa8011800 Uncommon trap: reason=unstable_if action=reinterpret pc=0x00007f6a9958b5ec method=java.util.LinkedHashMap.get(Ljava/lang/Object;)Ljava/lang/Object; @ 20
Event: 11,440 Thread 0x00007f6aa8011800 Uncommon trap: reason=unstable_if action=reinterpret pc=0x00007f6a9950d114 method=java.util.Properties$LineReader.readLine()I @ 323
Event: 11,440 Thread 0x00007f6aa8011800 Uncommon trap: reason=unstable_if action=reinterpret pc=0x00007f6a995088e8 method=java.util.Properties.loadConvert([CII[C)Ljava/lang/String; @ 57
Event: 11,440 Thread 0x00007f6aa8011800 Uncommon trap: reason=unstable_if action=reinterpret pc=0x00007f6a994c68c0 method=java.util.Properties$LineReader.readLine()I @ 252
Event: 11,718 Thread 0x00007f6aa8011800 Uncommon trap: reason=null_check action=make_not_entrant pc=0x00007f6a9968a234 method=org.apache.tomcat.util.IntrospectionUtils.findMethods(Ljava/lang/Class;)[Ljava/lang/reflect/Method; @ 7

Classes redefined (0 events):
No events

Internal exceptions (10 events):
Event: 10,759 Thread 0x00007f6aa8011800 Exception <a 'java/lang/ClassNotFoundException': org/springframework/boot/autoconfigure/web/servlet/error/ErrorViewResolverCustomizer> (0x00000000f27b6dd8) thrown at [/HUDSON/workspace/8-2-build-linux-amd64/jdk8u201/12317/hotspot/src/share/vm/classfile/sy
Event: 10,759 Thread 0x00007f6aa8011800 Exception <a 'java/lang/ClassNotFoundException': org/springframework/core/OrderedCustomizer> (0x00000000f27ccf08) thrown at [/HUDSON/workspace/8-2-build-linux-amd64/jdk8u201/12317/hotspot/src/share/vm/classfile/systemDictionary.cpp, line 210]
Event: 10,777 Thread 0x00007f6aa8011800 Exception <a 'java/lang/ClassNotFoundException': java/lang/ObjectCustomizer> (0x00000000f280b7e8) thrown at [/HUDSON/workspace/8-2-build-linux-amd64/jdk8u201/12317/hotspot/src/share/vm/classfile/systemDictionary.cpp, line 210]
Event: 10,777 Thread 0x00007f6aa8011800 Exception <a 'java/lang/ClassNotFoundException': org/springframework/boot/autoconfigure/web/servlet/error/ErrorMvcAutoConfigurationCustomizer> (0x00000000f282fad0) thrown at [/HUDSON/workspace/8-2-build-linux-amd64/jdk8u201/12317/hotspot/src/share/vm/clas
Event: 10,778 Thread 0x00007f6aa8011800 Exception <a 'java/lang/ClassNotFoundException': org/springframework/boot/autoconfigure/web/servlet/error/ErrorMvcAutoConfiguration$$EnhancerBySpringCGLIB$$62ded230Customizer> (0x00000000f285cd08) thrown at [/HUDSON/workspace/8-2-build-linux-amd64/jdk8u20
Event: 10,778 Thread 0x00007f6aa8011800 Exception <a 'java/lang/ClassNotFoundException': org/springframework/context/annotation/ConfigurationClassEnhancer$EnhancedConfigurationCustomizer> (0x00000000f2889038) thrown at [/HUDSON/workspace/8-2-build-linux-amd64/jdk8u201/12317/hotspot/src/share/vm
Event: 10,795 Thread 0x00007f6aa8011800 Exception <a 'java/lang/ClassNotFoundException': java/lang/ObjectCustomizer> (0x00000000f2928550) thrown at [/HUDSON/workspace/8-2-build-linux-amd64/jdk8u201/12317/hotspot/src/share/vm/classfile/systemDictionary.cpp, line 210]
Event: 10,796 Thread 0x00007f6aa8011800 Exception <a 'java/lang/ClassNotFoundException': org/springframework/boot/autoconfigure/web/servlet/error/ErrorMvcAutoConfiguration$ErrorPageCustomizerCustomizer> (0x00000000f2951e40) thrown at [/HUDSON/workspace/8-2-build-linux-amd64/jdk8u201/12317/hotsp
Event: 10,797 Thread 0x00007f6aa8011800 Exception <a 'java/lang/ClassNotFoundException': org/springframework/boot/web/server/ErrorPageRegistrarCustomizer> (0x00000000f296f028) thrown at [/HUDSON/workspace/8-2-build-linux-amd64/jdk8u201/12317/hotspot/src/share/vm/classfile/systemDictionary.cpp, 
Event: 10,797 Thread 0x00007f6aa8011800 Exception <a 'java/lang/ClassNotFoundException': org/springframework/core/OrderedCustomizer> (0x00000000f2982480) thrown at [/HUDSON/workspace/8-2-build-linux-amd64/jdk8u201/12317/hotspot/src/share/vm/classfile/systemDictionary.cpp, line 210]

Events (10 events):
Event: 13,395 loading class org/apache/tomcat/InstanceManager done
Event: 13,398 loading class org/apache/catalina/ThreadBindingListener
Event: 13,398 loading class org/apache/catalina/ThreadBindingListener done
Event: 13,401 loading class org/apache/catalina/SessionIdGenerator
Event: 13,401 loading class org/apache/catalina/SessionIdGenerator done
Event: 13,402 loading class org/apache/catalina/core/StandardContext$1
Event: 13,402 loading class org/apache/catalina/core/StandardContext$1 done
Event: 13,403 loading class org/apache/tomcat/util/descriptor/web/ApplicationParameter
Event: 13,403 loading class org/apache/tomcat/util/descriptor/web/ApplicationParameter done
Event: 13,410 Executing VM operation: ParallelGCFailedAllocation


Dynamic libraries:
00400000-00401000 r-xp 00000000 08:07 1841144                            /usr/lib/jvm/java-8-oracle/bin/java
00600000-00601000 r--p 00000000 08:07 1841144                            /usr/lib/jvm/java-8-oracle/bin/java
00601000-00602000 rw-p 00001000 08:07 1841144                            /usr/lib/jvm/java-8-oracle/bin/java
01389000-013aa000 rw-p 00000000 00:00 0                                  [heap]
c4400000-c5d00000 rw-p 00000000 00:00 0 
c5d00000-ec180000 ---p 00000000 00:00 0 
ec180000-f4280000 rw-p 00000000 00:00 0 
f8380000-100000000 ---p 00000000 00:00 0 
100000000-10042c000 rw-p 00000000 00:00 0 
10042c000-140000000 ---p 00000000 00:00 0 
7f6a50000000-7f6a50024000 rw-p 00000000 00:00 0 
7f6a50024000-7f6a54000000 ---p 00000000 00:00 0 
7f6a570ed000-7f6a5722d000 rw-p 00000000 00:00 0 
7f6a5722d000-7f6a572ed000 ---p 00000000 00:00 0 
7f6a572ed000-7f6a574ed000 rw-p 00000000 00:00 0 
7f6a574ed000-7f6a576ed000 rw-p 00000000 00:00 0 
7f6a576ed000-7f6a578ed000 rw-p 00000000 00:00 0 
7f6a578ed000-7f6a57aed000 rw-p 00000000 00:00 0 
7f6a57aed000-7f6a57af0000 ---p 00000000 00:00 0 
7f6a57af0000-7f6a57dee000 rw-p 00000000 00:00 0 
7f6a57dee000-7f6a57dff000 r-xp 00000000 08:07 1871891                    /usr/lib/jvm/java-8-oracle/jre/lib/amd64/libnio.so
7f6a57dff000-7f6a57ffe000 ---p 00011000 08:07 1871891                    /usr/lib/jvm/java-8-oracle/jre/lib/amd64/libnio.so
7f6a57ffe000-7f6a57fff000 r--p 00010000 08:07 1871891                    /usr/lib/jvm/java-8-oracle/jre/lib/amd64/libnio.so
7f6a57fff000-7f6a58000000 rw-p 00011000 08:07 1871891                    /usr/lib/jvm/java-8-oracle/jre/lib/amd64/libnio.so
7f6a58000000-7f6a5845f000 rw-p 00000000 00:00 0 
7f6a5845f000-7f6a5c000000 ---p 00000000 00:00 0 
7f6a5c000000-7f6a5c021000 rw-p 00000000 00:00 0 
7f6a5c021000-7f6a60000000 ---p 00000000 00:00 0 
7f6a60030000-7f6a60035000 r--s 002f9000 08:07 1871348                    /usr/lib/jvm/java-8-oracle/jre/lib/charsets.jar
7f6a60035000-7f6a60235000 rw-p 00000000 00:00 0 
7f6a60235000-7f6a60239000 r--s 000a1000 08:07 1871355                    /usr/lib/jvm/java-8-oracle/jre/lib/jsse.jar
7f6a60239000-7f6a60439000 rw-p 00000000 00:00 0 
7f6a60439000-7f6a60639000 rw-p 00000000 00:00 0 
7f6a60639000-7f6a606cf000 r--s 0110e000 08:07 1871775                    /usr/lib/jvm/java-8-oracle/jre/lib/ext/jfxrt.jar
7f6a606cf000-7f6a636d0000 rw-p 00000000 00:00 0 
7f6a636d0000-7f6a636e6000 r-xp 00000000 08:07 1871888                    /usr/lib/jvm/java-8-oracle/jre/lib/amd64/libnet.so
7f6a636e6000-7f6a638e6000 ---p 00016000 08:07 1871888                    /usr/lib/jvm/java-8-oracle/jre/lib/amd64/libnet.so
7f6a638e6000-7f6a638e7000 r--p 00016000 08:07 1871888                    /usr/lib/jvm/java-8-oracle/jre/lib/amd64/libnet.so
7f6a638e7000-7f6a638e8000 rw-p 00017000 08:07 1871888                    /usr/lib/jvm/java-8-oracle/jre/lib/amd64/libnet.so
7f6a638e8000-7f6a638f1000 r-xp 00000000 08:07 1871896                    /usr/lib/jvm/java-8-oracle/jre/lib/amd64/libmanagement.so
7f6a638f1000-7f6a63af0000 ---p 00009000 08:07 1871896                    /usr/lib/jvm/java-8-oracle/jre/lib/amd64/libmanagement.so
7f6a63af0000-7f6a63af1000 r--p 00008000 08:07 1871896                    /usr/lib/jvm/java-8-oracle/jre/lib/amd64/libmanagement.so
7f6a63af1000-7f6a63af2000 rw-p 00009000 08:07 1871896                    /usr/lib/jvm/java-8-oracle/jre/lib/amd64/libmanagement.so
7f6a63af2000-7f6a63cf2000 rw-p 00000000 00:00 0 
7f6a63cf2000-7f6a63cf5000 ---p 00000000 00:00 0 
7f6a63cf5000-7f6a63df3000 rw-p 00000000 00:00 0 
7f6a63df3000-7f6a63df4000 r--s 00000000 08:07 1315044                    /home/nikita/.gradle/caches/modules-2/files-2.1/org.codehaus.mojo/animal-sniffer-annotations/1.17/f97ce6decaea32b36101e37979f8b647f00681fb/animal-sniffer-annotations-1.17.jar
7f6a63df4000-7f6a63df6000 r--s 00001000 08:07 1315045                    /home/nikita/.gradle/caches/modules-2/files-2.1/com.google.j2objc/j2objc-annotations/1.1/ed28ded51a8b1c6b112568def5f4b455e6809019/j2objc-annotations-1.1.jar
7f6a63df6000-7f6a63df8000 r--s 00002000 08:07 1315042                    /home/nikita/.gradle/caches/modules-2/files-2.1/com.google.errorprone/error_prone_annotations/2.2.0/88e3c593e9b3586e1c6177f89267da6fc6986f0c/error_prone_annotations-2.2.0.jar
7f6a63df8000-7f6a63e02000 r--s 00026000 08:07 1315041                    /home/nikita/.gradle/caches/modules-2/files-2.1/org.checkerframework/checker-qual/2.5.2/cea74543d5904a30861a61b4643a5f2bb372efc4/checker-qual-2.5.2.jar
7f6a63e02000-7f6a63e04000 r--s 00003000 08:07 1315039                    /home/nikita/.gradle/caches/modules-2/files-2.1/com.google.code.findbugs/jsr305/3.0.2/25ea2e8b0c338a877313bd4672d3fe056ea78f0d/jsr305-3.0.2.jar
7f6a63e04000-7f6a63e05000 r--s 00000000 08:07 1315040                    /home/nikita/.gradle/caches/modules-2/files-2.1/com.google.guava/listenablefuture/9999.0-empty-to-avoid-conflict-with-guava/b421526c5f297295adef1c886e5246c39d4ac629/listenablefuture-9999.0-empty-to-avoid-conflict-with-guava.jar
7f6a63e05000-7f6a63e07000 r--s 00000000 08:07 1315037                    /home/nikita/.gradle/caches/modules-2/files-2.1/com.google.guava/failureaccess/1.0.1/1dcf1de382a0bf95a3d8b0849546c88bac1292c9/failureaccess-1.0.1.jar
7f6a63e07000-7f6a63e0e000 r--s 00042000 08:07 1314737                    /home/nikita/.gradle/caches/modules-2/files-2.1/org.yaml/snakeyaml/1.19/2d998d3d674b172a588e54ab619854d073f555b5/snakeyaml-1.19.jar
7f6a63e0e000-7f6a63e40000 r--s 0026d000 08:07 1315038                    /home/nikita/.gradle/caches/modules-2/files-2.1/com.google.guava/guava/27.1-jre/e47b59c893079b87743cdcfb6f17ca95c08c592c/guava-27.1-jre.jar
7f6a63e40000-7f6a63e44000 r--s 00031000 08:07 1315043                    /home/nikita/.gradle/caches/modules-2/files-2.1/commons-io/commons-io/2.6/815893df5f31da2ece4040fe0a12fd44b577afaf/commons-io-2.6.jar
7f6a63e44000-7f6a63e4a000 r--s 00039000 08:07 1314763                    /home/nikita/.gradle/caches/modules-2/files-2.1/org.apache.logging.log4j/log4j-api/2.10.0/fec5797a55b786184a537abd39c3fa1449d752d6/log4j-api-2.10.0.jar
7f6a63e4a000-7f6a63e55000 r--s 00069000 08:07 1314762                    /home/nikita/.gradle/caches/modules-2/files-2.1/ch.qos.logback/logback-core/1.2.3/864344400c3d4d92dfeb0a305dc87d953677c03c/logback-core-1.2.3.jar
7f6a63e55000-7f6a63e5a000 r--s 00012000 08:07 1314759                    /home/nikita/.gradle/caches/modules-2/files-2.1/javax.validation/validation-api/2.0.1.Final/cb855558e6271b1b32e716d24cb85c7f583ce09e/validation-api-2.0.1.Final.jar
7f6a63e5a000-7f6a63e5e000 r--s 00037000 08:07 1314758                    /home/nikita/.gradle/caches/modules-2/files-2.1/org.apache.tomcat.embed/tomcat-embed-el/8.5.29/893fb2c87ec1aa248a7911d76c0c06b3fca6bc9b/tomcat-embed-el-8.5.29.jar
7f6a63e5e000-7f6a63e88000 r--s 002cc000 08:07 1314757                    /home/nikita/.gradle/caches/modules-2/files-2.1/org.apache.tomcat.embed/tomcat-embed-core/8.5.29/51eac5adde4bc019261b787cb99e5548206908e6/tomcat-embed-core-8.5.29.jar
7f6a63e88000-7f6a63e8d000 r--s 0003a000 08:07 1314756                    /home/nikita/.gradle/caches/modules-2/files-2.1/org.apache.tomcat.embed/tomcat-embed-websocket/8.5.29/37786f4ca8a1597a91a0f437e659a76d1fcc5bf1/tomcat-embed-websocket-8.5.29.jar
7f6a63e8d000-7f6a63e91000 r--s 0004b000 08:07 1314761                    /home/nikita/.gradle/caches/modules-2/files-2.1/com.fasterxml.jackson.core/jackson-core/2.9.5/a22ac51016944b06fd9ffbc9541c6e7ce5eea117/jackson-core-2.9.5.jar
7f6a63e91000-7f6a63e94000 r--s 0000e000 08:07 1314760                    /home/nikita/.gradle/caches/modules-2/files-2.1/com.fasterxml.jackson.core/jackson-annotations/2.9.0/7c10d545325e3a6e72e06381afe469fd40eb701/jackson-annotations-2.9.0.jar
7f6a63e94000-7f6a63e98000 r--s 00035000 08:07 1315121                    /home/nikita/.gradle/caches/modules-2/files-2.1/org.codehaus.jackson/jackson-core-asl/1.9.13/3c304d70f42f832e0a86d45bd437f692129299a4/jackson-core-asl-1.9.13.jar
7f6a63e98000-7f6a63e9a000 r--s 00004000 08:07 1314617                    /home/nikita/.gradle/caches/modules-2/files-2.1/org.springframework/spring-jcl/5.0.5.RELEASE/f4a2854b9d865e8b86717595aec16f877f8c6489/spring-jcl-5.0.5.RELEASE.jar
7f6a63e9a000-7f6a63ee5000 r--s 002ff000 08:07 1356383                    /home/nikita/.gradle/caches/modules-2/files-2.1/org.bouncycastle/bcprov-jdk15on/1.56/a153c6f9744a3e9dd6feab5e210e1c9861362ec7/bcprov-jdk15on-1.56.jar
7f6a63ee5000-7f6a63ee7000 r--s 00009000 08:07 1314751                    /home/nikita/.gradle/caches/modules-2/files-2.1/org.slf4j/slf4j-api/1.7.25/da76ca59f6a57ee3102f8f9bd9cee742973efa8a/slf4j-api-1.7.25.jar
7f6a63ee7000-7f6a63ee9000 r--s 00000000 08:07 1314750                    /home/nikita/.gradle/caches/modules-2/files-2.1/org.slf4j/jul-to-slf4j/1.7.25/af5364cd6679bfffb114f0dec8a157aaa283b76/jul-to-slf4j-1.7.25.jar
7f6a63ee9000-7f6a63eeb000 r--s 00003000 08:07 1314749                    /home/nikita/.gradle/caches/modules-2/files-2.1/org.apache.logging.log4j/log4j-to-slf4j/2.10.0/f7e631ccf49cfc0aefa4a2a728da7d374c05bd3c/log4j-to-slf4j-2.10.0.jar
7f6a63eeb000-7f6a63ef1000 r--s 00041000 08:07 1314748                    /home/nikita/.gradle/caches/modules-2/files-2.1/ch.qos.logback/logback-classic/1.2.3/7c4f3c474fb2c041d8028740440937705ebb473a/logback-classic-1.2.3.jar
7f6a63ef1000-7f6a63ef6000 r--s 00048000 08:07 1314747                    /home/nikita/.gradle/caches/modules-2/files-2.1/dom4j/dom4j/1.6.1/5d3ccc056b6f056dbf0dddfdf43894b9065a8f94/dom4j-1.6.1.jar
7f6a63ef6000-7f6a63ef8000 r--s 0000e000 08:07 1314746                    /home/nikita/.gradle/caches/modules-2/files-2.1/com.fasterxml/classmate/1.3.4/3d5f48f10bbe4eb7bd862f10c0583be2e0053c6/classmate-1.3.4.jar
7f6a63ef8000-7f6a63efb000 r--s 0002b000 08:07 1314745                    /home/nikita/.gradle/caches/modules-2/files-2.1/org.jboss/jandex/2.0.3.Final/bfc4d6257dbff7a33a357f0de116be6ff951d849/jandex-2.0.3.Final.jar
7f6a63efb000-7f6a63f00000 r--s 00068000 08:07 1314744                    /home/nikita/.gradle/caches/modules-2/files-2.1/antlr/antlr/2.7.7/83cd2cd674a217ade95a4bb83a8a14f351f48bd0/antlr-2.7.7.jar
7f6a63f00000-7f6a63f0a000 r--s 000ab000 08:07 1314743                    /home/nikita/.gradle/caches/modules-2/files-2.1/org.javassist/javassist/3.22.0-GA/3e83394258ae2089be7219b971ec21a8288528ad/javassist-3.22.0-GA.jar
7f6a63f0a000-7f6a63f0f000 r--s 00017000 08:07 1314742                    /home/nikita/.gradle/caches/modules-2/files-2.1/org.hibernate.javax.persistence/hibernate-jpa-2.1-api/1.0.0.Final/5e731d961297e5a07290bfaf3db1fbc8bbbf405a/hibernate-jpa-2.1-api-1.0.0.Final.jar
7f6a63f0f000-7f6a63f11000 r--s 0000f000 08:07 1314741                    /home/nikita/.gradle/caches/modules-2/files-2.1/org.jboss.logging/jboss-logging/3.3.2.Final/3789d00e859632e6c6206adc0c71625559e6e3b0/jboss-logging-3.3.2.Final.jar
7f6a63f11000-7f6a63f14000 r--s 00010000 08:07 1314740                    /home/nikita/.gradle/caches/modules-2/files-2.1/org.hibernate.common/hibernate-commons-annotations/5.0.1.Final/71e1cff3fcb20d3b3af4f3363c3ddb24d33c6879/hibernate-commons-annotations-5.0.1.Final.jar
7f6a63f14000-7f6a63f17000 r--s 00020000 08:07 1314739                    /home/nikita/.gradle/caches/modules-2/files-2.1/com.zaxxer/HikariCP/2.7.8/4a3a604fa2efa89621aa498d04e000b2bed90c39/HikariCP-2.7.8.jar
7f6a63f17000-7f6a63f30000 r--s 001bf000 08:07 1314738                    /home/nikita/.gradle/caches/modules-2/files-2.1/org.aspectj/aspectjweaver/1.8.13/ad94df2a28d658a40dc27bbaff6a1ce5fbf04e9b/aspectjweaver-1.8.13.jar
7f6a63f30000-7f6a63f32000 r--s 00005000 08:07 1314728                    /home/nikita/.gradle/caches/modules-2/files-2.1/javax.annotation/javax.annotation-api/1.3.2/934c04d3cfef185a8008e7bf34331b79730a9d43/javax.annotation-api-1.3.2.jar
7f6a63f32000-7f6a63f33000 r--s 00000000 08:07 1314727                    /home/nikita/.gradle/caches/modules-2/files-2.1/org.springframework.boot/spring-boot-starter-logging/2.0.1.RELEASE/10681a28c95e9f9c0159327a1ed0c860517c7ad7/spring-boot-starter-logging-2.0.1.RELEASE.jar
7f6a63f33000-7f6a63f50000 r--s 000f8000 08:07 1314722                    /home/nikita/.gradle/caches/modules-2/files-2.1/org.hibernate.validator/hibernate-validator/6.0.9.Final/b149e4cce82379f11f6129eb3187ca8ae5404005/hibernate-validator-6.0.9.Final.jar
7f6a63f50000-7f6a63f63000 r--s 00135000 08:07 1314755                    /home/nikita/.gradle/caches/modules-2/files-2.1/com.fasterxml.jackson.core/jackson-databind/2.9.5/3490508379d065fe3fcb80042b62f630f7588606/jackson-databind-2.9.5.jar
7f6a63f63000-7f6a63f65000 r--s 00001000 08:07 1314754                    /home/nikita/.gradle/caches/modules-2/files-2.1/com.fasterxml.jackson.module/jackson-module-parameter-names/2.9.5/f824c60751ffb7bfc3a0d30dfe0e42317d8e67f5/jackson-module-parameter-names-2.9.5.jar
7f6a63f65000-7f6a63f68000 r--s 00016000 08:07 1314753                    /home/nikita/.gradle/caches/modules-2/files-2.1/com.fasterxml.jackson.datatype/jackson-datatype-jsr310/2.9.5/d1f0d11e816bc04e222a261106ca138801841c2d/jackson-datatype-jsr310-2.9.5.jar
7f6a63f68000-7f6a63f6a000 r--s 00007000 08:07 1314752                    /home/nikita/.gradle/caches/modules-2/files-2.1/com.fasterxml.jackson.datatype/jackson-datatype-jdk8/2.9.5/23e37f085279ba316c0df923513b81609e1d1f6/jackson-datatype-jdk8-2.9.5.jar
7f6a63f6a000-7f6a63f78000 r--s 000b1000 08:07 1315120                    /home/nikita/.gradle/caches/modules-2/files-2.1/org.codehaus.jackson/jackson-mapper-asl/1.9.13/1ee2f2bed0e5dd29d1cb155a166e6f8d50bbddb7/jackson-mapper-asl-1.9.13.jar
7f6a63f78000-7f6a63f7f000 r--s 0004b000 08:07 1314983                    /home/nikita/.gradle/caches/modules-2/files-2.1/commons-codec/commons-codec/1.11/3acb4705652e16236558f0f4f2192cc33c3bd189/commons-codec-1.11.jar
7f6a63f7f000-7f6a63f97000 r--s 00114000 08:07 1314619                    /home/nikita/.gradle/caches/modules-2/files-2.1/org.springframework/spring-core/5.0.5.RELEASE/1bd9feb1d9dac6accd27f5244b6c47cfcb55045c/spring-core-5.0.5.RELEASE.jar
7f6a63f97000-7f6a63fa4000 r--s 00095000 08:07 1314735                    /home/nikita/.gradle/caches/modules-2/files-2.1/org.springframework/spring-beans/5.0.5.RELEASE/984445863c0bbdaaf860615762d998b471a6bf92/spring-beans-5.0.5.RELEASE.jar
7f6a63fa4000-7f6a63fac000 r--s 00037000 08:07 1314734                    /home/nikita/.gradle/caches/modules-2/files-2.1/org.springframework/spring-tx/5.0.5.RELEASE/b772fbba533da282adc89f33e2619ee8a8bba601/spring-tx-5.0.5.RELEASE.jar
7f6a63fac000-7f6a63fc3000 r--s 000f0000 08:07 1314733                    /home/nikita/.gradle/caches/modules-2/files-2.1/org.springframework.data/spring-data-commons/2.0.6.RELEASE/4d65fdcbe258961e866f4f85c87c13193bbfd18c/spring-data-commons-2.0.6.RELEASE.jar
7f6a63fc3000-7f6a63fcc000 r--s 00059000 08:07 1314732                    /home/nikita/.gradle/caches/modules-2/files-2.1/org.springframework/spring-jdbc/5.0.5.RELEASE/456bc4d2281c37aa2f2206651a3048a1d3559d2a/spring-jdbc-5.0.5.RELEASE.jar
7f6a63fcc000-7f6a63fe6000 r--s 00119000 08:07 1314723                    /home/nikita/.gradle/caches/modules-2/files-2.1/org.springframework/spring-web/5.0.5.RELEASE/d51dbb5cabe72ae02e400577bac48f7fc94088de/spring-web-5.0.5.RELEASE.jar
7f6a63fe6000-7f6a64000000 r--s 000f1000 08:07 1314729                    /home/nikita/.gradle/caches/modules-2/files-2.1/org.springframework/spring-context/5.0.5.RELEASE/9cca4bf5acb693249a01c218f471c677b951d6e2/spring-context-5.0.5.RELEASE.jar
7f6a64000000-7f6a6509b000 rw-p 00000000 00:00 0 
7f6a6509b000-7f6a68000000 ---p 00000000 00:00 0 
7f6a68000000-7f6a68021000 rw-p 00000000 00:00 0 
7f6a68021000-7f6a6c000000 ---p 00000000 00:00 0 
7f6a6c000000-7f6a6d631000 rw-p 00000000 00:00 0 
7f6a6d631000-7f6a70000000 ---p 00000000 00:00 0 
7f6a70000000-7f6a718df000 rw-p 00000000 00:00 0 
7f6a718df000-7f6a74000000 ---p 00000000 00:00 0 
7f6a74000000-7f6a74021000 rw-p 00000000 00:00 0 
7f6a74021000-7f6a78000000 ---p 00000000 00:00 0 
7f6a78000000-7f6a78021000 rw-p 00000000 00:00 0 
7f6a78021000-7f6a7c000000 ---p 00000000 00:00 0 
7f6a7c000000-7f6a7c29b000 rw-p 00000000 00:00 0 
7f6a7c29b000-7f6a80000000 ---p 00000000 00:00 0 
7f6a80000000-7f6a80021000 rw-p 00000000 00:00 0 
7f6a80021000-7f6a84000000 ---p 00000000 00:00 0 
7f6a84000000-7f6a84021000 rw-p 00000000 00:00 0 
7f6a84021000-7f6a88000000 ---p 00000000 00:00 0 
7f6a88000000-7f6a88005000 r--s 0003f000 08:07 1314736                    /home/nikita/.gradle/caches/modules-2/files-2.1/org.springframework/spring-expression/5.0.5.RELEASE/fc6c7a95aeb7d00f4c65c338b08d97767eb0dd99/spring-expression-5.0.5.RELEASE.jar
7f6a88005000-7f6a88009000 r--s 0002b000 08:07 1314731                    /home/nikita/.gradle/caches/modules-2/files-2.1/org.springframework/spring-orm/5.0.5.RELEASE/6734f5ef4c2ebf1d00021fd4b314138f10792174/spring-orm-5.0.5.RELEASE.jar
7f6a88009000-7f6a88012000 r--s 00051000 08:07 1314730                    /home/nikita/.gradle/caches/modules-2/files-2.1/org.springframework/spring-aop/5.0.5.RELEASE/b11b61b94d7fb752a1c9bf3461d655c3084fae47/spring-aop-5.0.5.RELEASE.jar
7f6a88012000-7f6a88027000 r--s 000ce000 08:07 1314726                    /home/nikita/.gradle/caches/modules-2/files-2.1/org.springframework.boot/spring-boot/2.0.1.RELEASE/b8c5b14cbb0e52fdded8f98a8c1493cc74c7cf59/spring-boot-2.0.1.RELEASE.jar
7f6a88027000-7f6a88047000 r--s 000fa000 08:07 1314725                    /home/nikita/.gradle/caches/modules-2/files-2.1/org.springframework.boot/spring-boot-autoconfigure/2.0.1.RELEASE/b0bf9d34ed70c6987a86cd58a009065e5fa02545/spring-boot-autoconfigure-2.0.1.RELEASE.jar
7f6a88047000-7f6a88056000 r--s 000b2000 08:07 1314724                    /home/nikita/.gradle/caches/modules-2/files-2.1/org.springframework/spring-webmvc/5.0.5.RELEASE/a7fd53c7ad06b0fa7dd4ff347de1b2dc508739e/spring-webmvc-5.0.5.RELEASE.jar
7f6a88056000-7f6a88067000 r--s 00097000 08:07 1356382                    /home/nikita/.gradle/caches/modules-2/files-2.1/org.bouncycastle/bcpkix-jdk15on/1.56/4648af70268b6fdb24674fb1fd7c1fcc73db1231/bcpkix-jdk15on-1.56.jar
7f6a88067000-7f6a88077000 r--s 0014c000 08:07 1314720                    /home/nikita/.gradle/caches/modules-2/files-2.1/com.google.protobuf/protobuf-java/3.6.1/d06d46ecfd92ec6d0f3b423b4cd81cb38d8b924/protobuf-java-3.6.1.jar
7f6a88077000-7f6a88079000 r--s 0000a000 08:07 1314719                    /home/nikita/.gradle/caches/modules-2/files-2.1/org.springframework/spring-aspects/5.0.5.RELEASE/34994566374425cfdf82634720b010ed20be512d/spring-aspects-5.0.5.RELEASE.jar
7f6a88079000-7f6a88081000 r--s 0004a000 08:07 1314718                    /home/nikita/.gradle/caches/modules-2/files-2.1/org.springframework.data/spring-data-jpa/2.0.6.RELEASE/2c683dfbd06551bfd6cc7e05f9d13f5c54c79ba/spring-data-jpa-2.0.6.RELEASE.jar
7f6a88081000-7f6a88083000 r--s 00006000 08:07 1314717                    /home/nikita/.gradle/caches/modules-2/files-2.1/javax.transaction/javax.transaction-api/1.2/d81aff979d603edd90dcd8db2abc1f4ce6479e3e/javax.transaction-api-1.2.jar
7f6a88083000-7f6a88100000 r--s 005ee000 08:07 1314716                    /home/nikita/.gradle/caches/modules-2/files-2.1/org.hibernate/hibernate-core/5.2.16.Final/c169565556721e21e9bdc193a3e8e25160a45468/hibernate-core-5.2.16.Final.jar
7f6a88100000-7f6a8810c000 r--s 0005e000 08:07 1315019                    /home/nikita/.gradle/caches/modules-2/files-2.1/org.springframework.security/spring-security-core/5.1.5.RELEASE/574d3da85383c09bd5970fe8a3b42756755702bf/spring-security-core-5.1.5.RELEASE.jar
7f6a8810c000-7f6a88117000 r--s 0009e000 08:07 1315081                    /home/nikita/.gradle/caches/modules-2/files-2.1/org.springframework.security/spring-security-config/5.0.4.RELEASE/355fc8c3d1c61fe85915082587946ad346250d85/spring-security-config-5.0.4.RELEASE.jar
7f6a88117000-7f6a88126000 r--s 00075000 08:07 1315070                    /home/nikita/.gradle/caches/modules-2/files-2.1/org.springframework.security/spring-security-web/5.1.5.RELEASE/6183275812460a301a31216e2061afa4929a5f39/spring-security-web-5.1.5.RELEASE.jar
7f6a88126000-7f6a88133000 r--s 0006c000 08:07 1315119                    /home/nikita/.gradle/caches/modules-2/files-2.1/org.springframework.security.oauth/spring-security-oauth2/2.3.4.RELEASE/8637380e2f09739dd8ab3484031723446cace6f1/spring-security-oauth2-2.3.4.RELEASE.jar
7f6a88133000-7f6a88143000 r--s 001c7000 08:07 1314712                    /home/nikita/.gradle/caches/modules-2/files-2.1/com.h2database/h2/1.4.197/bb391050048ca8ae3e32451b5a3714ecd3596a46/h2-1.4.197.jar
7f6a88143000-7f6a8815a000 r--s 001f2000 08:07 1314711                    /home/nikita/.gradle/caches/modules-2/files-2.1/mysql/mysql-connector-java/8.0.13/28015319e44ff50a8fee655e725fefc4990abeb1/mysql-connector-java-8.0.13.jar
7f6a8815a000-7f6a8815b000 ---p 00000000 00:00 0 
7f6a8815b000-7f6a8825b000 rw-p 00000000 00:00 0 
7f6a8825b000-7f6a8825e000 ---p 00000000 00:00 0 
7f6a8825e000-7f6a8835c000 rw-p 00000000 00:00 0 
7f6a8835c000-7f6a8835f000 ---p 00000000 00:00 0 
7f6a8835f000-7f6a8845d000 rw-p 00000000 00:00 0 
7f6a8845d000-7f6a88460000 ---p 00000000 00:00 0 
7f6a88460000-7f6a8855e000 rw-p 00000000 00:00 0 
7f6a8855e000-7f6a88561000 ---p 00000000 00:00 0 
7f6a88561000-7f6a8865f000 rw-p 00000000 00:00 0 
7f6a8865f000-7f6a88662000 ---p 00000000 00:00 0 
7f6a88662000-7f6a88760000 rw-p 00000000 00:00 0 
7f6a88760000-7f6a88baf000 r--p 00000000 08:07 1843693                    /usr/lib/locale/locale-archive
7f6a88baf000-7f6a88bb2000 ---p 00000000 00:00 0 
7f6a88bb2000-7f6a88cb0000 rw-p 00000000 00:00 0 
7f6a88cb0000-7f6a88cb3000 ---p 00000000 00:00 0 
7f6a88cb3000-7f6a88db1000 rw-p 00000000 00:00 0 
7f6a88db1000-7f6a88db2000 ---p 00000000 00:00 0 
7f6a88db2000-7f6a8c000000 rw-p 00000000 00:00 0 
7f6a8c000000-7f6a8c021000 rw-p 00000000 00:00 0 
7f6a8c021000-7f6a90000000 ---p 00000000 00:00 0 
7f6a90000000-7f6a90021000 rw-p 00000000 00:00 0 
7f6a90021000-7f6a94000000 ---p 00000000 00:00 0 
7f6a94000000-7f6a94021000 rw-p 00000000 00:00 0 
7f6a94021000-7f6a98000000 ---p 00000000 00:00 0 
7f6a98000000-7f6a98001000 r--s 00000000 08:07 1314721                    /home/nikita/.gradle/caches/modules-2/files-2.1/org.springframework.boot/spring-boot-starter-tomcat/2.0.1.RELEASE/4b46f4aaff6c8a5a1c8184996d5e9e8a9354db8d/spring-boot-starter-tomcat-2.0.1.RELEASE.jar
7f6a98001000-7f6a98002000 r--s 00000000 08:07 1314715                    /home/nikita/.gradle/caches/modules-2/files-2.1/org.springframework.boot/spring-boot-starter/2.0.1.RELEASE/33abc1286b0aabea4f08ff4285d09e587835a716/spring-boot-starter-2.0.1.RELEASE.jar
7f6a98002000-7f6a98005000 r--s 00017000 08:07 1314879                    /home/nikita/.gradle/caches/modules-2/files-2.1/io.jsonwebtoken/jjwt/0.6.0/3c8a7897b9ca31c83d3dd364be7f75ce5cd417d7/jjwt-0.6.0.jar
7f6a98005000-7f6a9800a000 r--s 00084000 08:07 1871327                    /usr/lib/jvm/java-8-oracle/jre/lib/jfr.jar
7f6a9800a000-7f6a9840e000 rw-p 00000000 00:00 0 
7f6a9840e000-7f6a985e8000 r--s 03d6f000 08:07 1871350                    /usr/lib/jvm/java-8-oracle/jre/lib/rt.jar
7f6a985e8000-7f6a9883c000 rw-p 00000000 00:00 0 
7f6a9883c000-7f6a9883d000 ---p 00000000 00:00 0 
7f6a9883d000-7f6a9893d000 rw-p 00000000 00:00 0 
7f6a9893d000-7f6a9893e000 ---p 00000000 00:00 0 
7f6a9893e000-7f6a98a3e000 rw-p 00000000 00:00 0 
7f6a98a3e000-7f6a98a3f000 ---p 00000000 00:00 0 
7f6a98a3f000-7f6a98b3f000 rw-p 00000000 00:00 0 
7f6a98b3f000-7f6a98b40000 ---p 00000000 00:00 0 
7f6a98b40000-7f6a98c6d000 rw-p 00000000 00:00 0 
7f6a98c6d000-7f6a99000000 ---p 00000000 00:00 0 
7f6a99000000-7f6a99b30000 rwxp 00000000 00:00 0 
7f6a99b30000-7f6aa8000000 ---p 00000000 00:00 0 
7f6aa8000000-7f6aa912d000 rw-p 00000000 00:00 0 
7f6aa912d000-7f6aac000000 ---p 00000000 00:00 0 
7f6aac000000-7f6aac001000 r--s 00000000 08:07 1314714                    /home/nikita/.gradle/caches/modules-2/files-2.1/org.springframework.boot/spring-boot-starter-json/2.0.1.RELEASE/f2e1aeeb1ac02bfa1b4f7254633484af1866fc65/spring-boot-starter-json-2.0.1.RELEASE.jar
7f6aac001000-7f6aac002000 r--s 00000000 08:07 1314713                    /home/nikita/.gradle/caches/modules-2/files-2.1/org.springframework.boot/spring-boot-starter-jdbc/2.0.1.RELEASE/a22a7ac74388118938bfcd894318cd0c5a7c380b/spring-boot-starter-jdbc-2.0.1.RELEASE.jar
7f6aac002000-7f6aac015000 r--s 00345000 08:07 1871354                    /usr/lib/jvm/java-8-oracle/jre/lib/resources.jar
7f6aac015000-7f6aac071000 rw-p 00000000 00:00 0 
7f6aac071000-7f6aac1a3000 ---p 00000000 00:00 0 
7f6aac1a3000-7f6aac1b0000 rw-p 00000000 00:00 0 
7f6aac1b0000-7f6aac2e1000 ---p 00000000 00:00 0 
7f6aac2e1000-7f6aac323000 rw-p 00000000 00:00 0 
7f6aac323000-7f6aac381000 ---p 00000000 00:00 0 
7f6aac381000-7f6aac382000 rw-p 00000000 00:00 0 
7f6aac382000-7f6aac39d000 r-xp 00000000 08:07 1871884                    /usr/lib/jvm/java-8-oracle/jre/lib/amd64/libzip.so
7f6aac39d000-7f6aac59c000 ---p 0001b000 08:07 1871884                    /usr/lib/jvm/java-8-oracle/jre/lib/amd64/libzip.so
7f6aac59c000-7f6aac59d000 r--p 0001a000 08:07 1871884                    /usr/lib/jvm/java-8-oracle/jre/lib/amd64/libzip.so
7f6aac59d000-7f6aac59e000 rw-p 0001b000 08:07 1871884                    /usr/lib/jvm/java-8-oracle/jre/lib/amd64/libzip.so
7f6aac59e000-7f6aac5a9000 r-xp 00000000 08:07 5516131                    /lib/x86_64-linux-gnu/libnss_files-2.23.so
7f6aac5a9000-7f6aac7a8000 ---p 0000b000 08:07 5516131                    /lib/x86_64-linux-gnu/libnss_files-2.23.so
7f6aac7a8000-7f6aac7a9000 r--p 0000a000 08:07 5516131                    /lib/x86_64-linux-gnu/libnss_files-2.23.so
7f6aac7a9000-7f6aac7aa000 rw-p 0000b000 08:07 5516131                    /lib/x86_64-linux-gnu/libnss_files-2.23.so
7f6aac7aa000-7f6aac7b0000 rw-p 00000000 00:00 0 
7f6aac7b0000-7f6aac7bb000 r-xp 00000000 08:07 5516136                    /lib/x86_64-linux-gnu/libnss_nis-2.23.so
7f6aac7bb000-7f6aac9ba000 ---p 0000b000 08:07 5516136                    /lib/x86_64-linux-gnu/libnss_nis-2.23.so
7f6aac9ba000-7f6aac9bb000 r--p 0000a000 08:07 5516136                    /lib/x86_64-linux-gnu/libnss_nis-2.23.so
7f6aac9bb000-7f6aac9bc000 rw-p 0000b000 08:07 5516136                    /lib/x86_64-linux-gnu/libnss_nis-2.23.so
7f6aac9bc000-7f6aac9d2000 r-xp 00000000 08:07 5516100                    /lib/x86_64-linux-gnu/libnsl-2.23.so
7f6aac9d2000-7f6aacbd1000 ---p 00016000 08:07 5516100                    /lib/x86_64-linux-gnu/libnsl-2.23.so
7f6aacbd1000-7f6aacbd2000 r--p 00015000 08:07 5516100                    /lib/x86_64-linux-gnu/libnsl-2.23.so
7f6aacbd2000-7f6aacbd3000 rw-p 00016000 08:07 5516100                    /lib/x86_64-linux-gnu/libnsl-2.23.so
7f6aacbd3000-7f6aacbd5000 rw-p 00000000 00:00 0 
7f6aacbd5000-7f6aacbdd000 r-xp 00000000 08:07 5516111                    /lib/x86_64-linux-gnu/libnss_compat-2.23.so
7f6aacbdd000-7f6aacddc000 ---p 00008000 08:07 5516111                    /lib/x86_64-linux-gnu/libnss_compat-2.23.so
7f6aacddc000-7f6aacddd000 r--p 00007000 08:07 5516111                    /lib/x86_64-linux-gnu/libnss_compat-2.23.so
7f6aacddd000-7f6aacdde000 rw-p 00008000 08:07 5516111                    /lib/x86_64-linux-gnu/libnss_compat-2.23.so
7f6aacdde000-7f6aace0a000 r-xp 00000000 08:07 1871878                    /usr/lib/jvm/java-8-oracle/jre/lib/amd64/libjava.so
7f6aace0a000-7f6aad00a000 ---p 0002c000 08:07 1871878                    /usr/lib/jvm/java-8-oracle/jre/lib/amd64/libjava.so
7f6aad00a000-7f6aad00b000 r--p 0002c000 08:07 1871878                    /usr/lib/jvm/java-8-oracle/jre/lib/amd64/libjava.so
7f6aad00b000-7f6aad00d000 rw-p 0002d000 08:07 1871878                    /usr/lib/jvm/java-8-oracle/jre/lib/amd64/libjava.so
7f6aad00d000-7f6aad01a000 r-xp 00000000 08:07 1871883                    /usr/lib/jvm/java-8-oracle/jre/lib/amd64/libverify.so
7f6aad01a000-7f6aad219000 ---p 0000d000 08:07 1871883                    /usr/lib/jvm/java-8-oracle/jre/lib/amd64/libverify.so
7f6aad219000-7f6aad21b000 r--p 0000c000 08:07 1871883                    /usr/lib/jvm/java-8-oracle/jre/lib/amd64/libverify.so
7f6aad21b000-7f6aad21c000 rw-p 0000e000 08:07 1871883                    /usr/lib/jvm/java-8-oracle/jre/lib/amd64/libverify.so
7f6aad21c000-7f6aad223000 r-xp 00000000 08:07 5516137                    /lib/x86_64-linux-gnu/librt-2.23.so
7f6aad223000-7f6aad422000 ---p 00007000 08:07 5516137                    /lib/x86_64-linux-gnu/librt-2.23.so
7f6aad422000-7f6aad423000 r--p 00006000 08:07 5516137                    /lib/x86_64-linux-gnu/librt-2.23.so
7f6aad423000-7f6aad424000 rw-p 00007000 08:07 5516137                    /lib/x86_64-linux-gnu/librt-2.23.so
7f6aad424000-7f6aad52c000 r-xp 00000000 08:07 5516099                    /lib/x86_64-linux-gnu/libm-2.23.so
7f6aad52c000-7f6aad72b000 ---p 00108000 08:07 5516099                    /lib/x86_64-linux-gnu/libm-2.23.so
7f6aad72b000-7f6aad72c000 r--p 00107000 08:07 5516099                    /lib/x86_64-linux-gnu/libm-2.23.so
7f6aad72c000-7f6aad72d000 rw-p 00108000 08:07 5516099                    /lib/x86_64-linux-gnu/libm-2.23.so
7f6aad72d000-7f6aae415000 r-xp 00000000 08:07 1871904                    /usr/lib/jvm/java-8-oracle/jre/lib/amd64/server/libjvm.so
7f6aae415000-7f6aae614000 ---p 00ce8000 08:07 1871904                    /usr/lib/jvm/java-8-oracle/jre/lib/amd64/server/libjvm.so
7f6aae614000-7f6aae6aa000 r--p 00ce7000 08:07 1871904                    /usr/lib/jvm/java-8-oracle/jre/lib/amd64/server/libjvm.so
7f6aae6aa000-7f6aae6db000 rw-p 00d7d000 08:07 1871904                    /usr/lib/jvm/java-8-oracle/jre/lib/amd64/server/libjvm.so
7f6aae6db000-7f6aae716000 rw-p 00000000 00:00 0 
7f6aae716000-7f6aae8d6000 r-xp 00000000 08:07 5516103                    /lib/x86_64-linux-gnu/libc-2.23.so
7f6aae8d6000-7f6aaead6000 ---p 001c0000 08:07 5516103                    /lib/x86_64-linux-gnu/libc-2.23.so
7f6aaead6000-7f6aaeada000 r--p 001c0000 08:07 5516103                    /lib/x86_64-linux-gnu/libc-2.23.so
7f6aaeada000-7f6aaeadc000 rw-p 001c4000 08:07 5516103                    /lib/x86_64-linux-gnu/libc-2.23.so
7f6aaeadc000-7f6aaeae0000 rw-p 00000000 00:00 0 
7f6aaeae0000-7f6aaeae3000 r-xp 00000000 08:07 5516105                    /lib/x86_64-linux-gnu/libdl-2.23.so
7f6aaeae3000-7f6aaece2000 ---p 00003000 08:07 5516105                    /lib/x86_64-linux-gnu/libdl-2.23.so
7f6aaece2000-7f6aaece3000 r--p 00002000 08:07 5516105                    /lib/x86_64-linux-gnu/libdl-2.23.so
7f6aaece3000-7f6aaece4000 rw-p 00003000 08:07 5516105                    /lib/x86_64-linux-gnu/libdl-2.23.so
7f6aaece4000-7f6aaecfb000 r-xp 00000000 08:07 1871296                    /usr/lib/jvm/java-8-oracle/lib/amd64/jli/libjli.so
7f6aaecfb000-7f6aaeefa000 ---p 00017000 08:07 1871296                    /usr/lib/jvm/java-8-oracle/lib/amd64/jli/libjli.so
7f6aaeefa000-7f6aaeefb000 r--p 00016000 08:07 1871296                    /usr/lib/jvm/java-8-oracle/lib/amd64/jli/libjli.so
7f6aaeefb000-7f6aaeefc000 rw-p 00017000 08:07 1871296                    /usr/lib/jvm/java-8-oracle/lib/amd64/jli/libjli.so
7f6aaeefc000-7f6aaef14000 r-xp 00000000 08:07 5516102                    /lib/x86_64-linux-gnu/libpthread-2.23.so
7f6aaef14000-7f6aaf113000 ---p 00018000 08:07 5516102                    /lib/x86_64-linux-gnu/libpthread-2.23.so
7f6aaf113000-7f6aaf114000 r--p 00017000 08:07 5516102                    /lib/x86_64-linux-gnu/libpthread-2.23.so
7f6aaf114000-7f6aaf115000 rw-p 00018000 08:07 5516102                    /lib/x86_64-linux-gnu/libpthread-2.23.so
7f6aaf115000-7f6aaf119000 rw-p 00000000 00:00 0 
7f6aaf119000-7f6aaf13f000 r-xp 00000000 08:07 5516101                    /lib/x86_64-linux-gnu/ld-2.23.so
7f6aaf13f000-7f6aaf140000 r--s 00000000 08:07 1314764                    /home/nikita/.gradle/caches/modules-2/files-2.1/org.springframework.boot/spring-boot-starter-aop/2.0.1.RELEASE/c7f7b5b5e63edca2fb04899d13d8bad83377b4b3/spring-boot-starter-aop-2.0.1.RELEASE.jar
7f6aaf140000-7f6aaf141000 r--s 00000000 08:07 1314710                    /home/nikita/.gradle/caches/modules-2/files-2.1/org.springframework.boot/spring-boot-starter-web/2.0.1.RELEASE/88751ed76791d12425ce5a80476baf1749a44cf4/spring-boot-starter-web-2.0.1.RELEASE.jar
7f6aaf141000-7f6aaf143000 r--s 00008000 08:07 1315006                    /home/nikita/.gradle/caches/modules-2/files-2.1/org.springframework.security/spring-security-jwt/1.0.9.RELEASE/3b060c3c397a7638b07c2a4850e03affd335097f/spring-security-jwt-1.0.9.RELEASE.jar
7f6aaf143000-7f6aaf148000 r--s 002f9000 08:07 1871348                    /usr/lib/jvm/java-8-oracle/jre/lib/charsets.jar
7f6aaf148000-7f6aaf20d000 rw-p 00000000 00:00 0 
7f6aaf20d000-7f6aaf210000 ---p 00000000 00:00 0 
7f6aaf210000-7f6aaf313000 rw-p 00000000 00:00 0 
7f6aaf313000-7f6aaf314000 r--s 00003000 08:07 1315036                    /home/nikita/.gradle/caches/modules-2/files-2.1/com.auth0/jwks-rsa/0.8.0/6f30a06d663d968134ec7258dd95c91de751f6f5/jwks-rsa-0.8.0.jar
7f6aaf314000-7f6aaf315000 r--s 00000000 08:07 1314709                    /home/nikita/.gradle/caches/modules-2/files-2.1/org.springframework.boot/spring-boot-starter-data-jpa/2.0.1.RELEASE/b7c701f60073e2d2b8a8f5502dcc39d4f65f45ff/spring-boot-starter-data-jpa-2.0.1.RELEASE.jar
7f6aaf315000-7f6aaf318000 r--s 0001a000 08:07 1871361                    /usr/lib/jvm/java-8-oracle/jre/lib/jce.jar
7f6aaf318000-7f6aaf31c000 r--s 000a1000 08:07 1871355                    /usr/lib/jvm/java-8-oracle/jre/lib/jsse.jar
7f6aaf31c000-7f6aaf32f000 rw-p 00000000 00:00 0 
7f6aaf32f000-7f6aaf337000 rw-s 00000000 08:07 1487337                    /tmp/hsperfdata_nikita/15260
7f6aaf337000-7f6aaf338000 rw-p 00000000 00:00 0 
7f6aaf338000-7f6aaf339000 ---p 00000000 00:00 0 
7f6aaf339000-7f6aaf33c000 r--p 00000000 00:00 0                          [vvar]
7f6aaf33c000-7f6aaf33e000 r-xp 00000000 00:00 0                          [vdso]
7f6aaf33e000-7f6aaf33f000 r--p 00025000 08:07 5516101                    /lib/x86_64-linux-gnu/ld-2.23.so
7f6aaf33f000-7f6aaf340000 rw-p 00026000 08:07 5516101                    /lib/x86_64-linux-gnu/ld-2.23.so
7f6aaf340000-7f6aaf341000 rw-p 00000000 00:00 0 
7ffe1fbcf000-7ffe1fbf4000 rw-p 00000000 00:00 0                          [stack]
ffffffffff600000-ffffffffff601000 r-xp 00000000 00:00 0                  [vsyscall]

VM Arguments:
jvm_args: -Dfile.encoding=UTF-8 
java_command: com.kpi.events.Application
java_class_path (initial): /usr/lib/jvm/java-8-oracle/jre/lib/resources.jar:/usr/lib/jvm/java-8-oracle/jre/lib/rt.jar:/usr/lib/jvm/java-8-oracle/jre/lib/jsse.jar:/usr/lib/jvm/java-8-oracle/jre/lib/jce.jar:/usr/lib/jvm/java-8-oracle/jre/lib/charsets.jar:/usr/lib/jvm/java-8-oracle/jre/lib/jfr.jar:/usr/lib/jvm/java-8-oracle/jre/lib/ext/jfxrt.jar:/usr/lib/jvm/java-8-oracle/jre/lib/ext/zipfs.jar:/usr/lib/jvm/java-8-oracle/jre/lib/ext/sunjce_provider.jar:/usr/lib/jvm/java-8-oracle/jre/lib/ext/cldrdata.jar:/usr/lib/jvm/java-8-oracle/jre/lib/ext/localedata.jar:/usr/lib/jvm/java-8-oracle/jre/lib/ext/dnsns.jar:/usr/lib/jvm/java-8-oracle/jre/lib/ext/sunec.jar:/usr/lib/jvm/java-8-oracle/jre/lib/ext/nashorn.jar:/usr/lib/jvm/java-8-oracle/jre/lib/ext/jaccess.jar:/usr/lib/jvm/java-8-oracle/jre/lib/ext/sunpkcs11.jar:/home/nikita/eclipse-workspace-laba2/ProjectKPI/events-core/events-core/bin/main:/home/nikita/.gradle/caches/modules-2/files-2.1/org.springframework.boot/spring-boot-starter-data-jpa/2.0.1.RELEASE/b7c701f60073e2d2b8a8f5502dcc39d4f65f45ff/spring-boot-starter-data-jpa-2.0.1.RELEASE.jar:/home/nikita/.gradle/caches/modules-2/files-2.1/mysql/mysql-connector-java/8.0.13/28015319e44ff50a8fee655e725fefc4990abeb1/mysql-connector-java-8.0.13.jar:/home/nikita/.gradle/caches/modules-2/files-2.1/com.h2database/h2/1.4.197/bb391050048ca8ae3e32451b5a3714ecd3596a46/h2-1.4.197.jar:/home/nikita/.gradle/caches/modules-2/files-2.1/com.auth0/jwks-rsa/0.8.0/6f30a06d663d968134ec7258dd95c91de751f6f5/jwks-rsa-0.8.0.jar:/home/nikita/.gradle/caches/modules-2/files-2.1/org.springframework.security/spring-security-jwt/1.0.9.RELEASE/3b060c3c397a7638b07c2a4850e03affd335097f/spring-security-jwt-1.0.9.RELEASE.jar:/home/nikita/.gradle/caches/modules-2/files-2.1/org.springframework.security.oauth/spring-security-oauth2/2.3.4.RELEASE/8637380e2f09739dd8ab3484031723446cace6f1/spring-security-oauth2-2.3.4.RELEASE.jar:/home/nikita/.gradle/caches/modules-2/files-2.1/org.springframework.security/spring-securit
Launcher Type: SUN_STANDARD

Environment Variables:
JAVA_HOME=/usr/lib/jvm/java-8-oracle
PATH=/home/nikita/bin:/home/nikita/.local/bin:/usr/local/sbin:/usr/local/bin:/usr/sbin:/usr/bin:/sbin:/bin:/usr/games:/usr/local/games:/snap/bin:/usr/lib/jvm/java-8-oracle/bin:/usr/lib/jvm/java-8-oracle/db/bin:/usr/lib/jvm/java-8-oracle/jre/bin:/home/nikita/.rvm/bin
SHELL=/bin/bash
DISPLAY=:0

Signal Handlers:
SIGSEGV: [libjvm.so+0xad3e60], sa_mask[0]=11111111011111111101111111111110, sa_flags=SA_RESTART|SA_SIGINFO
SIGBUS: [libjvm.so+0xad3e60], sa_mask[0]=11111111011111111101111111111110, sa_flags=SA_RESTART|SA_SIGINFO
SIGFPE: [libjvm.so+0x90b880], sa_mask[0]=11111111011111111101111111111110, sa_flags=SA_RESTART|SA_SIGINFO
SIGPIPE: [libjvm.so+0x90b880], sa_mask[0]=11111111011111111101111111111110, sa_flags=SA_RESTART|SA_SIGINFO
SIGXFSZ: [libjvm.so+0x90b880], sa_mask[0]=11111111011111111101111111111110, sa_flags=SA_RESTART|SA_SIGINFO
SIGILL: [libjvm.so+0x90b880], sa_mask[0]=11111111011111111101111111111110, sa_flags=SA_RESTART|SA_SIGINFO
SIGUSR1: SIG_DFL, sa_mask[0]=00000000000000000000000000000000, sa_flags=none
SIGUSR2: [libjvm.so+0x90b750], sa_mask[0]=00100000000000000000000000000000, sa_flags=SA_RESTART|SA_SIGINFO
SIGHUP: [libjvm.so+0x90bd70], sa_mask[0]=11111111011111111101111111111110, sa_flags=SA_RESTART|SA_SIGINFO
SIGINT: [libjvm.so+0x90bd70], sa_mask[0]=11111111011111111101111111111110, sa_flags=SA_RESTART|SA_SIGINFO
SIGTERM: [libjvm.so+0x90bd70], sa_mask[0]=11111111011111111101111111111110, sa_flags=SA_RESTART|SA_SIGINFO
SIGQUIT: [libjvm.so+0x90bd70], sa_mask[0]=11111111011111111101111111111110, sa_flags=SA_RESTART|SA_SIGINFO


---------------  S Y S T E M  ---------------

OS:DISTRIB_ID=Ubuntu
DISTRIB_RELEASE=16.04
DISTRIB_CODENAME=xenial
DISTRIB_DESCRIPTION="Ubuntu 16.04.4 LTS"

uname:Linux 4.15.0-47-lowlatency #50~16.04.1-Ubuntu SMP PREEMPT Fri Mar 15 17:23:09 UTC 2019 x86_64
libc:glibc 2.23 NPTL 2.23 
rlimit: STACK 8192k, CORE 0k, NPROC 14228, NOFILE 1048576, AS infinity
load average:4,75 2,28 2,28

/proc/meminfo:
MemTotal:        3912780 kB
MemFree:           84104 kB
MemAvailable:          0 kB
Buffers:             616 kB
Cached:           243060 kB
SwapCached:        10728 kB
Active:          2998452 kB
Inactive:         615788 kB
Active(anon):    2990672 kB
Inactive(anon):   598304 kB
Active(file):       7780 kB
Inactive(file):    17484 kB
Unevictable:          64 kB
Mlocked:              64 kB
SwapTotal:       1998844 kB
SwapFree:              0 kB
Dirty:                92 kB
Writeback:           360 kB
AnonPages:       3360188 kB
Mapped:           139048 kB
Shmem:            218364 kB
Slab:              96040 kB
SReclaimable:      41336 kB
SUnreclaim:        54704 kB
KernelStack:       15552 kB
PageTables:        58704 kB
NFS_Unstable:          0 kB
Bounce:                0 kB
WritebackTmp:          0 kB
CommitLimit:     3955232 kB
Committed_AS:   10875836 kB
VmallocTotal:   34359738367 kB
VmallocUsed:           0 kB
VmallocChunk:          0 kB
HardwareCorrupted:     0 kB
AnonHugePages:         0 kB
ShmemHugePages:        0 kB
ShmemPmdMapped:        0 kB
CmaTotal:              0 kB
CmaFree:               0 kB
HugePages_Total:       0
HugePages_Free:        0
HugePages_Rsvd:        0
HugePages_Surp:        0
Hugepagesize:       2048 kB
DirectMap4k:      152888 kB
DirectMap2M:     3915776 kB
DirectMap1G:           0 kB

container (cgroup) information:
container_type: cgroupv1
cpu_cpuset_cpus: 0-3
cpu_memory_nodes: 0
active_processor_count: 4
cpu_quota: -1
cpu_period: 100000
cpu_shares: -1
memory_limit_in_bytes: -1
memory_and_swap_limit_in_bytes: -2
memory_soft_limit_in_bytes: -1
memory_usage_in_bytes: 3692064768
memory_max_usage_in_bytes: 8011776


CPU:total 4 (initial active 4) (2 cores per cpu, 2 threads per core) family 6 model 69 stepping 1, cmov, cx8, fxsr, mmx, sse, sse2, sse3, ssse3, sse4.1, sse4.2, popcnt, avx, avx2, aes, clmul, erms, lzcnt, ht, tsc, tscinvbit, bmi1, bmi2

/proc/cpuinfo:
processor	: 0
vendor_id	: GenuineIntel
cpu family	: 6
model		: 69
model name	: Intel(R) Core(TM) i5-4200U CPU @ 1.60GHz
stepping	: 1
microcode	: 0x24
cpu MHz		: 901.847
cache size	: 3072 KB
physical id	: 0
siblings	: 4
core id		: 0
cpu cores	: 2
apicid		: 0
initial apicid	: 0
fpu		: yes
fpu_exception	: yes
cpuid level	: 13
wp		: yes
flags		: fpu vme de pse tsc msr pae mce cx8 apic sep mtrr pge mca cmov pat pse36 clflush dts acpi mmx fxsr sse sse2 ss ht tm pbe syscall nx pdpe1gb rdtscp lm constant_tsc arch_perfmon pebs bts rep_good nopl xtopology nonstop_tsc cpuid aperfmperf pni pclmulqdq dtes64 monitor ds_cpl vmx est tm2 ssse3 sdbg fma cx16 xtpr pdcm pcid sse4_1 sse4_2 movbe popcnt tsc_deadline_timer aes xsave avx f16c rdrand lahf_lm abm cpuid_fault epb invpcid_single pti ssbd ibrs ibpb stibp tpr_shadow vnmi flexpriority ept vpid fsgsbase tsc_adjust bmi1 avx2 smep bmi2 erms invpcid xsaveopt dtherm ida arat pln pts flush_l1d
bugs		: cpu_meltdown spectre_v1 spectre_v2 spec_store_bypass l1tf
bogomips	: 4589.06
clflush size	: 64
cache_alignment	: 64
address sizes	: 39 bits physical, 48 bits virtual
power management:

processor	: 1
vendor_id	: GenuineIntel
cpu family	: 6
model		: 69
model name	: Intel(R) Core(TM) i5-4200U CPU @ 1.60GHz
stepping	: 1
microcode	: 0x24
cpu MHz		: 910.455
cache size	: 3072 KB
physical id	: 0
siblings	: 4
core id		: 0
cpu cores	: 2
apicid		: 1
initial apicid	: 1
fpu		: yes
fpu_exception	: yes
cpuid level	: 13
wp		: yes
flags		: fpu vme de pse tsc msr pae mce cx8 apic sep mtrr pge mca cmov pat pse36 clflush dts acpi mmx fxsr sse sse2 ss ht tm pbe syscall nx pdpe1gb rdtscp lm constant_tsc arch_perfmon pebs bts rep_good nopl xtopology nonstop_tsc cpuid aperfmperf pni pclmulqdq dtes64 monitor ds_cpl vmx est tm2 ssse3 sdbg fma cx16 xtpr pdcm pcid sse4_1 sse4_2 movbe popcnt tsc_deadline_timer aes xsave avx f16c rdrand lahf_lm abm cpuid_fault epb invpcid_single pti ssbd ibrs ibpb stibp tpr_shadow vnmi flexpriority ept vpid fsgsbase tsc_adjust bmi1 avx2 smep bmi2 erms invpcid xsaveopt dtherm ida arat pln pts flush_l1d
bugs		: cpu_meltdown spectre_v1 spectre_v2 spec_store_bypass l1tf
bogomips	: 4589.06
clflush size	: 64
cache_alignment	: 64
address sizes	: 39 bits physical, 48 bits virtual
power management:

processor	: 2
vendor_id	: GenuineIntel
cpu family	: 6
model		: 69
model name	: Intel(R) Core(TM) i5-4200U CPU @ 1.60GHz
stepping	: 1
microcode	: 0x24
cpu MHz		: 901.271
cache size	: 3072 KB
physical id	: 0
siblings	: 4
core id		: 1
cpu cores	: 2
apicid		: 2
initial apicid	: 2
fpu		: yes
fpu_exception	: yes
cpuid level	: 13
wp		: yes
flags		: fpu vme de pse tsc msr pae mce cx8 apic sep mtrr pge mca cmov pat pse36 clflush dts acpi mmx fxsr sse sse2 ss ht tm pbe syscall nx pdpe1gb rdtscp lm constant_tsc arch_perfmon pebs bts rep_good nopl xtopology nonstop_tsc cpuid aperfmperf pni pclmulqdq dtes64 monitor ds_cpl vmx est tm2 ssse3 sdbg fma cx16 xtpr pdcm pcid sse4_1 sse4_2 movbe popcnt tsc_deadline_timer aes xsave avx f16c rdrand lahf_lm abm cpuid_fault epb invpcid_single pti ssbd ibrs ibpb stibp tpr_shadow vnmi flexpriority ept vpid fsgsbase tsc_adjust bmi1 avx2 smep bmi2 erms invpcid xsaveopt dtherm ida arat pln pts flush_l1d
bugs		: cpu_meltdown spectre_v1 spectre_v2 spec_store_bypass l1tf
bogomips	: 4589.06
clflush size	: 64
cache_alignment	: 64
address sizes	: 39 bits physical, 48 bits virtual
power management:

processor	: 3
vendor_id	: GenuineIntel
cpu family	: 6
model		: 69
model name	: Intel(R) Core(TM) i5-4200U CPU @ 1.60GHz
stepping	: 1
microcode	: 0x24
cpu MHz		: 898.391
cache size	: 3072 KB
physical id	: 0
siblings	: 4
core id		: 1
cpu cores	: 2
apicid		: 3
initial apicid	: 3
fpu		: yes
fpu_exception	: yes
cpuid level	: 13
wp		: yes
flags		: fpu vme de pse tsc msr pae mce cx8 apic sep mtrr pge mca cmov pat pse36 clflush dts acpi mmx fxsr sse sse2 ss ht tm pbe syscall nx pdpe1gb rdtscp lm constant_tsc arch_perfmon pebs bts rep_good nopl xtopology nonstop_tsc cpuid aperfmperf pni pclmulqdq dtes64 monitor ds_cpl vmx est tm2 ssse3 sdbg fma cx16 xtpr pdcm pcid sse4_1 sse4_2 movbe popcnt tsc_deadline_timer aes xsave avx f16c rdrand lahf_lm abm cpuid_fault epb invpcid_single pti ssbd ibrs ibpb stibp tpr_shadow vnmi flexpriority ept vpid fsgsbase tsc_adjust bmi1 avx2 smep bmi2 erms invpcid xsaveopt dtherm ida arat pln pts flush_l1d
bugs		: cpu_meltdown spectre_v1 spectre_v2 spec_store_bypass l1tf
bogomips	: 4589.06
clflush size	: 64
cache_alignment	: 64
address sizes	: 39 bits physical, 48 bits virtual
power management:



Memory: 4k page, physical 3912780k(85300k free), swap 1998844k(0k free)

vm_info: Java HotSpot(TM) 64-Bit Server VM (25.201-b09) for linux-amd64 JRE (1.8.0_201-b09), built on Dec 15 2018 11:35:59 by "java_re" with gcc 7.3.0

time: Sun Apr 14 20:28:22 2019
timezone: EEST
elapsed time: 16 seconds (0d 0h 0m 16s)

